Log file open, 11/08/18 20:41:06
LogWindows: Failed to load 'aqProf.dll' (GetLastError=126)
LogWindows: File 'aqProf.dll' does not exist
LogWindows: Failed to load 'VSPerf140.dll' (GetLastError=126)
LogWindows: File 'VSPerf140.dll' does not exist
LogWindows: Failed to load 'VtuneApi.dll' (GetLastError=126)
LogWindows: File 'VtuneApi.dll' does not exist
LogWindows: Failed to load 'VtuneApi32e.dll' (GetLastError=126)
LogWindows: File 'VtuneApi32e.dll' does not exist
LogInit: Display: Running engine for game: Project1
LogPlatformFile: Not using cached read wrapper
LogTaskGraph: Started task graph with 5 named threads and 11 total threads with 3 sets of task threads.
LogStats: Stats thread started at 0.208418
LogD3D11RHI: Loaded GFSDK_Aftermath_Lib.x64.dll
LogICUInternationalization: Display: ICU TimeZone Detection - Raw Offset: -7:00, Platform Override: ''
LogPluginManager: Mounting plugin Paper2D
LogPluginManager: Mounting plugin AISupport
LogPluginManager: Mounting plugin LightPropagationVolume
LogPluginManager: Mounting plugin CLionSourceCodeAccess
LogPluginManager: Mounting plugin CodeLiteSourceCodeAccess
LogPluginManager: Mounting plugin GitSourceControl
LogPluginManager: Mounting plugin KDevelopSourceCodeAccess
LogPluginManager: Mounting plugin NullSourceCodeAccess
LogPluginManager: Mounting plugin PerforceSourceControl
LogPluginManager: Mounting plugin SubversionSourceControl
LogPluginManager: Mounting plugin UObjectPlugin
LogPluginManager: Mounting plugin VisualStudioCodeSourceCodeAccess
LogPluginManager: Mounting plugin VisualStudioSourceCodeAccess
LogPluginManager: Mounting plugin XCodeSourceCodeAccess
LogPluginManager: Mounting plugin AssetManagerEditor
LogPluginManager: Mounting plugin CryptoKeys
LogPluginManager: Mounting plugin DataValidation
LogPluginManager: Mounting plugin FacialAnimation
LogPluginManager: Mounting plugin GameplayTagsEditor
LogPluginManager: Mounting plugin MacGraphicsSwitching
LogPluginManager: Mounting plugin MeshEditor
LogPluginManager: Mounting plugin MobileLauncherProfileWizard
LogPluginManager: Mounting plugin PluginBrowser
LogPluginManager: Mounting plugin SpeedTreeImporter
LogPluginManager: Mounting plugin DatasmithContent
LogPluginManager: Mounting plugin AlembicImporter
LogPluginManager: Mounting plugin AppleImageUtils
LogPluginManager: Mounting plugin AppleVision
LogPluginManager: Mounting plugin BackChannel
LogPluginManager: Mounting plugin CharacterAI
LogPluginManager: Mounting plugin GeometryCache
LogPluginManager: Mounting plugin HTML5Networking
LogPluginManager: Mounting plugin ProxyLODPlugin
LogPluginManager: Mounting plugin MagicLeap
LogPluginManager: Mounting plugin MagicLeapEmulator
LogPluginManager: Mounting plugin MagicLeapMedia
LogPluginManager: Mounting plugin AndroidMedia
LogPluginManager: Mounting plugin AvfMedia
LogPluginManager: Mounting plugin ImgMedia
LogPluginManager: Mounting plugin LinearTimecode
LogPluginManager: Mounting plugin MediaCompositing
LogPluginManager: Mounting plugin MediaPlayerEditor
LogPluginManager: Mounting plugin WmfMedia
LogPluginManager: Mounting plugin TcpMessaging
LogPluginManager: Mounting plugin UdpMessaging
LogPluginManager: Mounting plugin ActorSequence
LogPluginManager: Mounting plugin LevelSequenceEditor
LogPluginManager: Mounting plugin MatineeToLevelSequence
LogPluginManager: Mounting plugin NetcodeUnitTest
LogPluginManager: Mounting plugin NUTUnrealEngine4
LogPluginManager: Mounting plugin OnlineSubsystemGooglePlay
LogPluginManager: Mounting plugin OnlineSubsystemIOS
LogPluginManager: Mounting plugin OnlineSubsystem
LogPluginManager: Mounting plugin OnlineSubsystemNull
LogPluginManager: Mounting plugin OnlineSubsystemUtils
LogPluginManager: Mounting plugin LauncherChunkInstaller
LogPluginManager: Mounting plugin AndroidDeviceProfileSelector
LogPluginManager: Mounting plugin AndroidMoviePlayer
LogPluginManager: Mounting plugin AndroidPermission
LogPluginManager: Mounting plugin AppleMoviePlayer
LogPluginManager: Mounting plugin ArchVisCharacter
LogPluginManager: Mounting plugin AudioCapture
LogPluginManager: Mounting plugin CableComponent
LogPluginManager: Mounting plugin CustomMeshComponent
LogPluginManager: Mounting plugin EditableMesh
LogPluginManager: Mounting plugin ExampleDeviceProfileSelector
LogPluginManager: Mounting plugin GoogleCloudMessaging
LogPluginManager: Mounting plugin ImmediatePhysics
LogPluginManager: Mounting plugin IOSDeviceProfileSelector
LogPluginManager: Mounting plugin LinuxDeviceProfileSelector
LogPluginManager: Mounting plugin LocationServicesBPLibrary
LogPluginManager: Mounting plugin MobilePatchingUtils
LogPluginManager: Mounting plugin OculusVR
LogPluginManager: Plugin shader directory ../../../Engine/Plugins/Runtime/Oculus/OculusVR/Shaders found
LogPluginManager: Mapping shader source directory ../../../Engine/Plugins/Runtime/Oculus/OculusVR/Shaders to virtual directory /Plugin/OculusVR
LogPluginManager: Mounting plugin PhysXVehicles
LogPluginManager: Mounting plugin ProceduralMeshComponent
LogPluginManager: Mounting plugin RuntimePhysXCooking
LogPluginManager: Mounting plugin SteamVR
LogPluginManager: Mounting plugin WindowsMoviePlayer
LogStreaming: Display: Took  0.240s to configure plugins.
LogInit: Using libcurl 7.55.1-DEV
LogInit:  - built for x86_64-pc-win32
LogInit:  - supports SSL with OpenSSL/1.0.2h
LogInit:  - supports HTTP deflate (compression) using libz 1.2.8
LogInit:  - other features:
LogInit:      CURL_VERSION_SSL
LogInit:      CURL_VERSION_LIBZ
LogInit:      CURL_VERSION_IPV6
LogInit:      CURL_VERSION_ASYNCHDNS
LogInit:      CURL_VERSION_LARGEFILE
LogInit:      CURL_VERSION_IDN
LogInit:  CurlRequestOptions (configurable via config and command line):
LogInit:  - bVerifyPeer = false  - Libcurl will NOT verify peer certificate
LogInit:  - bUseHttpProxy = false  - Libcurl will NOT use HTTP proxy
LogInit:  - bDontReuseConnections = false  - Libcurl will reuse connections
LogInit:  - CertBundlePath = nullptr  - Libcurl will use whatever was configured at build time.
LogInit:  - MaxHostConnections = 16  - Libcurl will limit the number of connections to a host
LogInit:  - LocalHostAddr = Default
LogInit:  - BufferSize = 65536
LogInit: WinSock: version 1.1 (2.2), MaxSocks=32767, MaxUdp=65467
LogInit: Build: ++UE4+Release-4.20-CL-4369336
LogInit: Engine Version: 4.20.3-4369336+++UE4+Release-4.20
LogInit: Compatible Engine Version: 4.20.0-4212847+++UE4+Release-4.20
LogInit: Net CL: 4212847
LogInit: OS: Windows 10 (), CPU: Intel(R) Core(TM) i5-4210U CPU @ 1.70GHz, GPU: Intel(R) HD Graphics Family
LogInit: Compiled (64-bit): Sep 17 2018 12:26:19
LogInit: Compiled with Visual C++: 19.13.26129.00
LogInit: Build Configuration: Development
LogInit: Branch Name: ++UE4+Release-4.20
LogInit: Command Line: -EpicPortal  -epicusername="Blaked_Potato" -epicuserid=e5c336156b984d629e178c72344af434 -epiclocale=en-US
LogInit: Base Directory: C:/Program Files/Epic Games/UE_4.20/Engine/Binaries/Win64/
LogInit: Installed Engine Build: 1
LogDevObjectVersion: Number of dev versions registered: 20
LogDevObjectVersion:   Dev-Blueprints (B0D832E4-1F89-4F0D-ACCF-7EB736FD4AA2): 10
LogDevObjectVersion:   Dev-Build (E1C64328-A22C-4D53-A36C-8E866417BD8C): 0
LogDevObjectVersion:   Dev-Core (375EC13C-06E4-48FB-B500-84F0262A717E): 2
LogDevObjectVersion:   Dev-Editor (E4B068ED-F494-42E9-A231-DA0B2E46BB41): 24
LogDevObjectVersion:   Dev-Framework (CFFC743F-43B0-4480-9391-14DF171D2073): 34
LogDevObjectVersion:   Dev-Mobile (B02B49B5-BB20-44E9-A304-32B752E40360): 2
LogDevObjectVersion:   Dev-Networking (A4E4105C-59A1-49B5-A7C5-40C4547EDFEE): 0
LogDevObjectVersion:   Dev-Online (39C831C9-5AE6-47DC-9A44-9C173E1C8E7C): 0
LogDevObjectVersion:   Dev-Physics (78F01B33-EBEA-4F98-B9B4-84EACCB95AA2): 0
LogDevObjectVersion:   Dev-Platform (6631380F-2D4D-43E0-8009-CF276956A95A): 0
LogDevObjectVersion:   Dev-Rendering (12F88B9F-8875-4AFC-A67C-D90C383ABD29): 26
LogDevObjectVersion:   Dev-Sequencer (7B5AE74C-D270-4C10-A958-57980B212A5A): 9
LogDevObjectVersion:   Dev-VR (D7296918-1DD6-4BDD-9DE2-64A83CC13884): 2
LogDevObjectVersion:   Dev-LoadTimes (C2A15278-BFE7-4AFE-6C17-90FF531DF755): 1
LogDevObjectVersion:   Private-Geometry (6EACA3D4-40EC-4CC1-B786-8BED09428FC5): 3
LogDevObjectVersion:   Dev-AnimPhys (29E575DD-E0A3-4627-9D10-D276232CDCEA): 17
LogDevObjectVersion:   Dev-ReflectionCapture (6B266CEC-1EC7-4B8F-A30B-E4D90942FC07): 1
LogDevObjectVersion:   Dev-Automation (0DF73D61-A23F-47EA-B727-89E90C41499A): 1
LogDevObjectVersion:   FortniteMain (601D1886-AC64-4F84-AA16-D3DE0DEAC7D6): 12
LogDevObjectVersion:   Dev-Enterprise (9DFFBCD6-494F-0158-E221-12823C92A888): 1
LogStreaming: Display: Took  0.000s to delete old logs.
LogInit: Presizing for max 8388607 objects, including 0 objects not considered by GC, pre-allocating 0 bytes for permanent pool.
LogInit: Object subsystem initialized
[2018.11.09-03.41.07:321][  0]LogInit: Selected Device Profile: [Windows]
[2018.11.09-03.41.07:321][  0]LogInit: Applying CVar settings loaded from the selected device profile: [Windows]
[2018.11.09-03.41.07:359][  0]LogHAL: Display: Platform has ~ 12 GB [12811657216 / 17179869184 / 12], which maps to Larger [LargestMinGB=32, LargerMinGB=12, DefaultMinGB=8, SmallerMinGB=6, SmallestMinGB=0)
[2018.11.09-03.41.07:359][  0]LogInit: Setting Device Profile CVar: [[r.Vulkan.UseRealUBs:1]]
[2018.11.09-03.41.07:359][  0]LogInit: Going up to parent DeviceProfile []
[2018.11.09-03.41.07:360][  0]LogInit: Computer: GRMPSPC
[2018.11.09-03.41.07:360][  0]LogInit: User: hanspnd
[2018.11.09-03.41.07:360][  0]LogInit: CPU Page size=4096, Cores=2
[2018.11.09-03.41.07:360][  0]LogInit: High frequency timer resolution =2.338336 MHz
[2018.11.09-03.41.07:361][  0]LogMemory: Memory total: Physical=11.9GB (12GB approx)
[2018.11.09-03.41.07:361][  0]LogMemory: Platform Memory Stats for Windows
[2018.11.09-03.41.07:361][  0]LogMemory: Process Physical Memory: 99.59 MB used, 99.59 MB peak
[2018.11.09-03.41.07:361][  0]LogMemory: Process Virtual Memory: 90.64 MB used, 90.64 MB peak
[2018.11.09-03.41.07:361][  0]LogMemory: Physical Memory: 5892.89 MB used,  6325.25 MB free, 12218.15 MB total
[2018.11.09-03.41.07:361][  0]LogMemory: Virtual Memory: 4627.61 MB used,  6325.25 MB free, 134217728.00 MB total
[2018.11.09-03.41.07:416][  0]LogInit: Using OS detected language (en-US).
[2018.11.09-03.41.07:417][  0]LogInit: Using OS detected locale (en-US).
[2018.11.09-03.41.07:420][  0]LogTextLocalizationManager: No specific localization for 'en-US' exists, so the 'en' localization will be used.
[2018.11.09-03.41.08:048][  0]LogStreaming: Display: Took  0.632s to InitEngineTextLocalization.
[2018.11.09-03.41.08:048][  0]LogInit: Setting process to per monitor DPI aware
[2018.11.09-03.41.08:110][  0]LogSlate: New Slate User Created.  User Index 0, Is Virtual User: 0
[2018.11.09-03.41.08:110][  0]LogSlate: Slate User Registered.  User Index 0, Is Virtual User: 0
[2018.11.09-03.41.08:514][  0]LogHMD: Failed to initialize OpenVR with code 110
[2018.11.09-03.41.08:514][  0]LogD3D11RHI: D3D11 adapters:
[2018.11.09-03.41.08:523][  0]LogD3D11RHI:    0. 'Intel(R) HD Graphics Family' (Feature Level 11_0)
[2018.11.09-03.41.08:523][  0]LogD3D11RHI:       112/0/2048 MB DedicatedVideo/DedicatedSystem/SharedSystem, Outputs:1, VendorId:0x8086
[2018.11.09-03.41.08:527][  0]LogD3D11RHI:    1. 'Microsoft Basic Render Driver' (Feature Level 11_0)
[2018.11.09-03.41.08:527][  0]LogD3D11RHI:       0/0/6109 MB DedicatedVideo/DedicatedSystem/SharedSystem, Outputs:0, VendorId:0x1414
[2018.11.09-03.41.08:527][  0]LogD3D11RHI: Chosen D3D11 Adapter: 0
[2018.11.09-03.41.08:533][  0]LogD3D11RHI: Creating new Direct3DDevice
[2018.11.09-03.41.08:533][  0]LogD3D11RHI:     GPU DeviceId: 0xa16 (for the marketing name, search the web for "GPU Device Id")
[2018.11.09-03.41.08:533][  0]LogWindows: EnumDisplayDevices:
[2018.11.09-03.41.08:533][  0]LogWindows:    0. 'Intel(R) HD Graphics Family' (P:1 D:1)
[2018.11.09-03.41.08:534][  0]LogWindows:    1. 'Intel(R) HD Graphics Family' (P:0 D:0)
[2018.11.09-03.41.08:534][  0]LogWindows:    2. 'Intel(R) HD Graphics Family' (P:0 D:0)
[2018.11.09-03.41.08:534][  0]LogWindows: DebugString: FoundDriverCount:3 
[2018.11.09-03.41.08:534][  0]LogD3D11RHI:     Adapter Name: Intel(R) HD Graphics Family
[2018.11.09-03.41.08:534][  0]LogD3D11RHI:   Driver Version: 10.18.15.4279 (internal:10.18.15.4279, unified:10.18.15.4279)
[2018.11.09-03.41.08:534][  0]LogD3D11RHI:      Driver Date: 8-24-2015
[2018.11.09-03.41.08:534][  0]LogRHI: Texture pool is 795 MB (70% of 1136 MB)
[2018.11.09-03.41.08:542][  0]LogD3D11RHI: Async texture creation enabled
[2018.11.09-03.41.08:549][  0]LogD3D11RHI: GPU Timing Frequency: 12.500000 (Debug: 2 0)
[2018.11.09-03.41.08:550][  0]LogShaderCompilers: Guid format shader working directory is -12 characters bigger than the processId version (../../../../../../Users/hanspnd/Desktop/First_repo/Project1/Intermediate/Shaders/WorkingDirectory/15136/).
[2018.11.09-03.41.08:550][  0]LogShaderCompilers: Cleaned the shader compiler working directory 'C:/Users/hanspnd/AppData/Local/Temp/UnrealShaderWorkingDir/F3B5A8D8459F3BC3101513A24848988D/'.
[2018.11.09-03.41.08:997][  0]LogTemp: Display: Loaded TP AllDesktopTargetPlatform
[2018.11.09-03.41.09:015][  0]LogTemp: Display: Loaded TP MacClientTargetPlatform
[2018.11.09-03.41.09:033][  0]LogTemp: Display: Loaded TP MacNoEditorTargetPlatform
[2018.11.09-03.41.09:052][  0]LogTemp: Display: Loaded TP MacServerTargetPlatform
[2018.11.09-03.41.09:071][  0]LogTemp: Display: Loaded TP MacTargetPlatform
[2018.11.09-03.41.09:089][  0]LogTemp: Display: Loaded TP WindowsClientTargetPlatform
[2018.11.09-03.41.09:111][  0]LogTemp: Display: Loaded TP WindowsNoEditorTargetPlatform
[2018.11.09-03.41.09:130][  0]LogTemp: Display: Loaded TP WindowsServerTargetPlatform
[2018.11.09-03.41.09:138][  0]LogTemp: Display: Loaded TP WindowsTargetPlatform
[2018.11.09-03.41.09:261][  0]LogTemp: Display: Loaded TP AndroidTargetPlatform
[2018.11.09-03.41.09:261][  0]LogTemp: Display: Loaded TP AndroidTargetPlatform
[2018.11.09-03.41.09:261][  0]LogTemp: Display: Loaded TP AndroidTargetPlatform
[2018.11.09-03.41.09:261][  0]LogTemp: Display: Loaded TP AndroidTargetPlatform
[2018.11.09-03.41.09:261][  0]LogTemp: Display: Loaded TP AndroidTargetPlatform
[2018.11.09-03.41.09:261][  0]LogTemp: Display: Loaded TP AndroidTargetPlatform
[2018.11.09-03.41.09:261][  0]LogTemp: Display: Loaded TP AndroidTargetPlatform
[2018.11.09-03.41.09:261][  0]LogTemp: Display: Loaded TP AndroidTargetPlatform
[2018.11.09-03.41.09:261][  0]LogTemp: Display: Loaded TP AndroidTargetPlatform
[2018.11.09-03.41.09:261][  0]LogTemp: Display: Loaded TP AndroidTargetPlatform
[2018.11.09-03.41.09:261][  0]LogTemp: Display: Loaded TP AndroidTargetPlatform
[2018.11.09-03.41.09:261][  0]LogTemp: Display: Loaded TP AndroidTargetPlatform
[2018.11.09-03.41.09:261][  0]LogTemp: Display: Loaded TP AndroidTargetPlatform
[2018.11.09-03.41.09:261][  0]LogTemp: Display: Loaded TP AndroidTargetPlatform
[2018.11.09-03.41.09:261][  0]LogTemp: Display: Loaded TP AndroidTargetPlatform
[2018.11.09-03.41.09:261][  0]LogTemp: Display: Loaded TP AndroidTargetPlatform
[2018.11.09-03.41.09:261][  0]LogTemp: Display: Loaded TP AndroidTargetPlatform
[2018.11.09-03.41.09:261][  0]LogTemp: Display: Loaded TP AndroidTargetPlatform
[2018.11.09-03.41.09:263][  0]LogTemp: Display: Loaded TP HTML5TargetPlatform
[2018.11.09-03.41.09:341][  0]LogTemp: Display: Loaded TP IOSTargetPlatform
[2018.11.09-03.41.09:341][  0]LogTemp: Display: Loaded TP IOSTargetPlatform
[2018.11.09-03.41.09:379][  0]LogTemp: Display: Loaded TP TVOSTargetPlatform
[2018.11.09-03.41.09:379][  0]LogTemp: Display: Loaded TP TVOSTargetPlatform
[2018.11.09-03.41.09:401][  0]LogTemp: Display: Loaded TP LinuxClientTargetPlatform
[2018.11.09-03.41.09:422][  0]LogTemp: Display: Loaded TP LinuxNoEditorTargetPlatform
[2018.11.09-03.41.09:441][  0]LogTemp: Display: Loaded TP LinuxServerTargetPlatform
[2018.11.09-03.41.09:464][  0]LogTemp: Display: Loaded TP LinuxTargetPlatform
[2018.11.09-03.41.09:479][  0]LogTemp: Display: Loaded TP LuminTargetPlatform
[2018.11.09-03.41.09:479][  0]LogTargetPlatformManager: Display: Building Assets For Windows
[2018.11.09-03.41.09:565][  0]LogXGEController: Cannot use XGE Controller as Incredibuild is not installed on this machine.
[2018.11.09-03.41.09:565][  0]LogShaderCompilers: Cannot use XGE Shader Compiler as Incredibuild is not installed on this machine.
[2018.11.09-03.41.09:565][  0]LogShaderCompilers: Display: Using Local Shader Compiler.
[2018.11.09-03.41.10:778][  0]LogDerivedDataCache: Display: Max Cache Size: 512 MB
[2018.11.09-03.41.10:856][  0]LogDerivedDataCache: Loaded boot cache 0.08s 71MB C:/Users/hanspnd/AppData/Local/UnrealEngine/4.20/DerivedDataCache/Boot.ddc.
[2018.11.09-03.41.10:857][  0]LogDerivedDataCache: Display: Loaded Boot cache: C:/Users/hanspnd/AppData/Local/UnrealEngine/4.20/DerivedDataCache/Boot.ddc
[2018.11.09-03.41.10:857][  0]LogDerivedDataCache: FDerivedDataBackendGraph:  Pak pak cache file ../../../../../../Users/hanspnd/Desktop/First_repo/Project1/DerivedDataCache/DDC.ddp not found, will not use a pak cache.
[2018.11.09-03.41.10:857][  0]LogDerivedDataCache: Unable to find inner node Pak for hierarchical cache Hierarchy.
[2018.11.09-03.41.10:857][  0]LogDerivedDataCache: FDerivedDataBackendGraph:  CompressedPak pak cache file ../../../../../../Users/hanspnd/Desktop/First_repo/Project1/DerivedDataCache/Compressed.ddp not found, will not use a pak cache.
[2018.11.09-03.41.10:857][  0]LogDerivedDataCache: Unable to find inner node CompressedPak for hierarchical cache Hierarchy.
[2018.11.09-03.41.10:874][  0]LogDerivedDataCache: Display: Pak cache opened for reading ../../../Engine/DerivedDataCache/Compressed.ddp.
[2018.11.09-03.41.10:888][  0]LogDerivedDataCache: Using Local data cache path C:/Users/hanspnd/AppData/Local/UnrealEngine/Common/DerivedDataCache: Writable
[2018.11.09-03.41.10:888][  0]LogDerivedDataCache: Shared data cache path not found in *engine.ini, will not use an Shared cache.
[2018.11.09-03.41.10:888][  0]LogDerivedDataCache: Unable to find inner node Shared for hierarchical cache Hierarchy.
[2018.11.09-03.41.10:914][  0]LogMaterial: Verifying Global Shaders for PCD3D_SM5
[2018.11.09-03.41.10:915][  0]LogSlate: Using FreeType 2.6.0
[2018.11.09-03.41.10:916][  0]LogSlate: SlateFontServices - WITH_FREETYPE: 1, WITH_HARFBUZZ: 1
[2018.11.09-03.41.11:015][  0]LogAssetRegistry: FAssetRegistry took 0.0276 seconds to start up
[2018.11.09-03.41.11:534][  0]LogInit: Selected Device Profile: [Windows]
[2018.11.09-03.41.11:757][  0]LogSimplygon: Simplygon DLL not present - disabling.
[2018.11.09-03.41.11:763][  0]LogMeshReduction: Using SimplygonSwarm for distributed automatic mesh merging
[2018.11.09-03.41.11:763][  0]LogMeshReduction: Using ProxyLODMeshReduction for automatic mesh merging
[2018.11.09-03.41.11:764][  0]LogMeshReduction: Using QuadricMeshReduction for automatic static mesh reduction
[2018.11.09-03.41.11:764][  0]LogMeshReduction: No automatic skeletal mesh reduction module available
[2018.11.09-03.41.11:792][  0]LogNetVersion: Project1 1.0.0, NetCL: 4212847, EngineNetVer: 5, GameNetVer: 0 (Checksum: 1324559974)
[2018.11.09-03.41.12:658][  0]LogPackageLocalizationCache: Processed 11 localized package path(s) for 2 prioritized culture(s) in 0.199313 seconds
[2018.11.09-03.41.12:669][  0]LogUObjectArray: 38425 objects as part of root set at end of initial load.
[2018.11.09-03.41.12:669][  0]LogUObjectAllocator: 6690864 out of 0 bytes used by permanent object pool.
[2018.11.09-03.41.12:669][  0]LogUObjectArray: CloseDisregardForGC: 0/0 objects in disregard for GC pool
[2018.11.09-03.41.14:145][  0]LogTcpMessaging: Initializing TcpMessaging bridge
[2018.11.09-03.41.14:177][  0]LogUdpMessaging: Initializing bridge on interface 0.0.0.0:0 to multicast group 230.0.0.1:6666.
[2018.11.09-03.41.14:518][  0]SourceControl: Source control is disabled
[2018.11.09-03.41.14:518][  0]SourceControl: Source control is disabled
[2018.11.09-03.41.14:521][  0]SourceControl: Source control is disabled
[2018.11.09-03.41.14:523][  0]SourceControl: Source control is disabled
[2018.11.09-03.41.14:750][  0]LogAndroidPermission: UAndroidPermissionCallbackProxy::GetInstance
[2018.11.09-03.41.14:815][  0]LogOcInput: OculusInput pre-init called
[2018.11.09-03.41.14:911][  0]LogEngine: Initializing Engine...
[2018.11.09-03.41.14:912][  0]LogHMD: Failed to initialize OpenVR with code 110
[2018.11.09-03.41.14:914][  0]LogStats: UGameplayTagsManager::ConstructGameplayTagTree: ImportINI prefixes -  0.000 s
[2018.11.09-03.41.14:914][  0]LogStats: UGameplayTagsManager::ConstructGameplayTagTree: Construct from data asset -  0.000 s
[2018.11.09-03.41.14:914][  0]LogStats: UGameplayTagsManager::ConstructGameplayTagTree: ImportINI -  0.000 s
[2018.11.09-03.41.14:914][  0]LogStats: UGameplayTagsManager::ConstructGameplayTagTree: GameplayTagTreeChangedEvent.Broadcast -  0.000 s
[2018.11.09-03.41.15:254][  0]LogInit: Initializing FReadOnlyCVARCache
[2018.11.09-03.41.15:283][  0]LogAIModule: Creating AISystem for world Untitled
[2018.11.09-03.41.15:290][  0]LogInit: XAudio2 using 'Speaker/HP (Realtek High Definition Audio)' : 2 channels at 48 kHz using 32 bits per sample (channel mask 0x3)
[2018.11.09-03.41.15:500][  0]LogInit: FAudioDevice initialized.
[2018.11.09-03.41.15:501][  0]LogNetVersion: Set ProjectVersion to 1.0.0.0. Version Checksum will be recalculated on next use.
[2018.11.09-03.41.15:760][  0]LogDerivedDataCache: Saved boot cache 0.26s 71MB C:/Users/hanspnd/AppData/Local/UnrealEngine/4.20/DerivedDataCache/Boot.ddc.
[2018.11.09-03.41.15:773][  0]LogInit: Texture streaming: Enabled
[2018.11.09-03.41.15:850][  0]LogEngineSessionManager: EngineSessionManager initialized
[2018.11.09-03.41.15:911][  0]LogInit: Transaction tracking system initialized
[2018.11.09-03.41.15:946][  0]BlueprintLog: New page: Editor Load
[2018.11.09-03.41.16:196][  0]LocalizationService: Localization service is disabled
[2018.11.09-03.41.16:934][  0]LogFileCache: Scanning file cache for directory 'C:/Users/hanspnd/Desktop/First_repo/Project1/Content/' took 0.01s
[2018.11.09-03.41.16:934][  0]LogCook: Display: Max memory allowance for cook 16384mb min free memory 0mb
[2018.11.09-03.41.16:934][  0]LogCook: Display: Mobile HDR setting 1
[2018.11.09-03.41.16:934][  0]LogGameplayTags: Display: UGameplayTagsManager::DoneAddingNativeTags. DelegateIsBound: 0
[2018.11.09-03.41.16:934][  0]LogStats: UGameplayTagsManager::ConstructGameplayTagTree: ImportINI prefixes -  0.000 s
[2018.11.09-03.41.16:934][  0]LogStats: UGameplayTagsManager::ConstructGameplayTagTree: Construct from data asset -  0.000 s
[2018.11.09-03.41.16:935][  0]LogStats: UGameplayTagsManager::ConstructGameplayTagTree: ImportINI -  0.000 s
[2018.11.09-03.41.16:935][  0]LogStats: UGameplayTagsManager::ConstructGameplayTagTree: GameplayTagTreeChangedEvent.Broadcast -  0.000 s
[2018.11.09-03.41.17:170][  0]SourceControl: Source control is disabled
[2018.11.09-03.41.17:173][  0]LogFactory: FactoryCreateFile: PackFactory with PackFactory (0 0 C:/Program Files/Epic Games/UE_4.20/FeaturePacks/StarterContent.upack)
[2018.11.09-03.41.17:184][  0]LogPackFactory: Finished extracting 8 files (including 0 errors).
[2018.11.09-03.41.17:308][  0]LogPackFactory: Copied "../../../Samples/StarterContent/Content/StarterContent/Architecture/Floor_400x400.uasset" to "../../../../../../Users/hanspnd/Desktop/First_repo/Project1/Content/StarterContent/Architecture/Floor_400x400.uasset"
[2018.11.09-03.41.17:358][  0]LogPackFactory: Copied "../../../Samples/StarterContent/Content/StarterContent/Architecture/Pillar_50x500.uasset" to "../../../../../../Users/hanspnd/Desktop/First_repo/Project1/Content/StarterContent/Architecture/Pillar_50x500.uasset"
[2018.11.09-03.41.17:510][  0]LogPackFactory: Copied "../../../Samples/StarterContent/Content/StarterContent/Architecture/SM_AssetPlatform.uasset" to "../../../../../../Users/hanspnd/Desktop/First_repo/Project1/Content/StarterContent/Architecture/SM_AssetPlatform.uasset"
[2018.11.09-03.41.17:623][  0]LogPackFactory: Copied "../../../Samples/StarterContent/Content/StarterContent/Architecture/Wall_400x200.uasset" to "../../../../../../Users/hanspnd/Desktop/First_repo/Project1/Content/StarterContent/Architecture/Wall_400x200.uasset"
[2018.11.09-03.41.17:701][  0]LogPackFactory: Copied "../../../Samples/StarterContent/Content/StarterContent/Architecture/Wall_400x300.uasset" to "../../../../../../Users/hanspnd/Desktop/First_repo/Project1/Content/StarterContent/Architecture/Wall_400x300.uasset"
[2018.11.09-03.41.17:722][  0]LogPackFactory: Copied "../../../Samples/StarterContent/Content/StarterContent/Architecture/Wall_400x400.uasset" to "../../../../../../Users/hanspnd/Desktop/First_repo/Project1/Content/StarterContent/Architecture/Wall_400x400.uasset"
[2018.11.09-03.41.17:855][  0]LogPackFactory: Copied "../../../Samples/StarterContent/Content/StarterContent/Architecture/Wall_500x500.uasset" to "../../../../../../Users/hanspnd/Desktop/First_repo/Project1/Content/StarterContent/Architecture/Wall_500x500.uasset"
[2018.11.09-03.41.18:015][  0]LogPackFactory: Copied "../../../Samples/StarterContent/Content/StarterContent/Architecture/Wall_Door_400x300.uasset" to "../../../../../../Users/hanspnd/Desktop/First_repo/Project1/Content/StarterContent/Architecture/Wall_Door_400x300.uasset"
[2018.11.09-03.41.18:028][  0]LogPackFactory: Copied "../../../Samples/StarterContent/Content/StarterContent/Architecture/Wall_Door_400x400.uasset" to "../../../../../../Users/hanspnd/Desktop/First_repo/Project1/Content/StarterContent/Architecture/Wall_Door_400x400.uasset"
[2018.11.09-03.41.18:122][  0]LogPackFactory: Copied "../../../Samples/StarterContent/Content/StarterContent/Architecture/Wall_Window_400x300.uasset" to "../../../../../../Users/hanspnd/Desktop/First_repo/Project1/Content/StarterContent/Architecture/Wall_Window_400x300.uasset"
[2018.11.09-03.41.18:192][  0]LogPackFactory: Copied "../../../Samples/StarterContent/Content/StarterContent/Architecture/Wall_Window_400x400.uasset" to "../../../../../../Users/hanspnd/Desktop/First_repo/Project1/Content/StarterContent/Architecture/Wall_Window_400x400.uasset"
[2018.11.09-03.41.18:261][  0]LogPackFactory: Copied "../../../Samples/StarterContent/Content/StarterContent/Audio/Collapse01.uasset" to "../../../../../../Users/hanspnd/Desktop/First_repo/Project1/Content/StarterContent/Audio/Collapse01.uasset"
[2018.11.09-03.41.18:322][  0]LogPackFactory: Copied "../../../Samples/StarterContent/Content/StarterContent/Audio/Collapse02.uasset" to "../../../../../../Users/hanspnd/Desktop/First_repo/Project1/Content/StarterContent/Audio/Collapse02.uasset"
[2018.11.09-03.41.18:359][  0]LogPackFactory: Copied "../../../Samples/StarterContent/Content/StarterContent/Audio/Collapse_Cue.uasset" to "../../../../../../Users/hanspnd/Desktop/First_repo/Project1/Content/StarterContent/Audio/Collapse_Cue.uasset"
[2018.11.09-03.41.18:407][  0]LogPackFactory: Copied "../../../Samples/StarterContent/Content/StarterContent/Audio/Explosion01.uasset" to "../../../../../../Users/hanspnd/Desktop/First_repo/Project1/Content/StarterContent/Audio/Explosion01.uasset"
[2018.11.09-03.41.18:499][  0]LogPackFactory: Copied "../../../Samples/StarterContent/Content/StarterContent/Audio/Explosion02.uasset" to "../../../../../../Users/hanspnd/Desktop/First_repo/Project1/Content/StarterContent/Audio/Explosion02.uasset"
[2018.11.09-03.41.18:538][  0]LogPackFactory: Copied "../../../Samples/StarterContent/Content/StarterContent/Audio/Explosion_Cue.uasset" to "../../../../../../Users/hanspnd/Desktop/First_repo/Project1/Content/StarterContent/Audio/Explosion_Cue.uasset"
[2018.11.09-03.41.18:613][  0]LogPackFactory: Copied "../../../Samples/StarterContent/Content/StarterContent/Audio/Fire01.uasset" to "../../../../../../Users/hanspnd/Desktop/First_repo/Project1/Content/StarterContent/Audio/Fire01.uasset"
[2018.11.09-03.41.18:635][  0]LogPackFactory: Copied "../../../Samples/StarterContent/Content/StarterContent/Audio/Fire01_Cue.uasset" to "../../../../../../Users/hanspnd/Desktop/First_repo/Project1/Content/StarterContent/Audio/Fire01_Cue.uasset"
[2018.11.09-03.41.18:691][  0]LogPackFactory: Copied "../../../Samples/StarterContent/Content/StarterContent/Audio/Fire_Sparks01.uasset" to "../../../../../../Users/hanspnd/Desktop/First_repo/Project1/Content/StarterContent/Audio/Fire_Sparks01.uasset"
[2018.11.09-03.41.18:782][  0]LogPackFactory: Copied "../../../Samples/StarterContent/Content/StarterContent/Audio/Fire_Sparks01_Cue.uasset" to "../../../../../../Users/hanspnd/Desktop/First_repo/Project1/Content/StarterContent/Audio/Fire_Sparks01_Cue.uasset"
[2018.11.09-03.41.18:858][  0]LogPackFactory: Copied "../../../Samples/StarterContent/Content/StarterContent/Audio/Light01.uasset" to "../../../../../../Users/hanspnd/Desktop/First_repo/Project1/Content/StarterContent/Audio/Light01.uasset"
[2018.11.09-03.41.18:915][  0]LogPackFactory: Copied "../../../Samples/StarterContent/Content/StarterContent/Audio/Light01_Cue.uasset" to "../../../../../../Users/hanspnd/Desktop/First_repo/Project1/Content/StarterContent/Audio/Light01_Cue.uasset"
[2018.11.09-03.41.19:022][  0]LogPackFactory: Copied "../../../Samples/StarterContent/Content/StarterContent/Audio/Light02.uasset" to "../../../../../../Users/hanspnd/Desktop/First_repo/Project1/Content/StarterContent/Audio/Light02.uasset"
[2018.11.09-03.41.19:085][  0]LogPackFactory: Copied "../../../Samples/StarterContent/Content/StarterContent/Audio/Light02_Cue.uasset" to "../../../../../../Users/hanspnd/Desktop/First_repo/Project1/Content/StarterContent/Audio/Light02_Cue.uasset"
[2018.11.09-03.41.19:154][  0]LogPackFactory: Copied "../../../Samples/StarterContent/Content/StarterContent/Audio/Smoke01.uasset" to "../../../../../../Users/hanspnd/Desktop/First_repo/Project1/Content/StarterContent/Audio/Smoke01.uasset"
[2018.11.09-03.41.19:214][  0]LogPackFactory: Copied "../../../Samples/StarterContent/Content/StarterContent/Audio/Smoke01_Cue.uasset" to "../../../../../../Users/hanspnd/Desktop/First_repo/Project1/Content/StarterContent/Audio/Smoke01_Cue.uasset"
[2018.11.09-03.41.19:266][  0]LogPackFactory: Copied "../../../Samples/StarterContent/Content/StarterContent/Audio/Starter_Background_Cue.uasset" to "../../../../../../Users/hanspnd/Desktop/First_repo/Project1/Content/StarterContent/Audio/Starter_Background_Cue.uasset"
[2018.11.09-03.41.19:379][  0]LogPackFactory: Copied "../../../Samples/StarterContent/Content/StarterContent/Audio/Starter_Birds01.uasset" to "../../../../../../Users/hanspnd/Desktop/First_repo/Project1/Content/StarterContent/Audio/Starter_Birds01.uasset"
[2018.11.09-03.41.19:563][  0]LogPackFactory: Copied "../../../Samples/StarterContent/Content/StarterContent/Audio/Starter_Music01.uasset" to "../../../../../../Users/hanspnd/Desktop/First_repo/Project1/Content/StarterContent/Audio/Starter_Music01.uasset"
[2018.11.09-03.41.19:594][  0]LogPackFactory: Copied "../../../Samples/StarterContent/Content/StarterContent/Audio/Starter_Music_Cue.uasset" to "../../../../../../Users/hanspnd/Desktop/First_repo/Project1/Content/StarterContent/Audio/Starter_Music_Cue.uasset"
[2018.11.09-03.41.19:687][  0]LogPackFactory: Copied "../../../Samples/StarterContent/Content/StarterContent/Audio/Starter_Wind05.uasset" to "../../../../../../Users/hanspnd/Desktop/First_repo/Project1/Content/StarterContent/Audio/Starter_Wind05.uasset"
[2018.11.09-03.41.19:814][  0]LogPackFactory: Copied "../../../Samples/StarterContent/Content/StarterContent/Audio/Starter_Wind06.uasset" to "../../../../../../Users/hanspnd/Desktop/First_repo/Project1/Content/StarterContent/Audio/Starter_Wind06.uasset"
[2018.11.09-03.41.19:887][  0]LogPackFactory: Copied "../../../Samples/StarterContent/Content/StarterContent/Audio/Steam01.uasset" to "../../../../../../Users/hanspnd/Desktop/First_repo/Project1/Content/StarterContent/Audio/Steam01.uasset"
[2018.11.09-03.41.20:022][  0]LogPackFactory: Copied "../../../Samples/StarterContent/Content/StarterContent/Audio/Steam01_Cue.uasset" to "../../../../../../Users/hanspnd/Desktop/First_repo/Project1/Content/StarterContent/Audio/Steam01_Cue.uasset"
[2018.11.09-03.41.20:059][  0]LogPackFactory: Copied "../../../Samples/StarterContent/Content/StarterContent/Blueprints/Blueprint_CeilingLight.uasset" to "../../../../../../Users/hanspnd/Desktop/First_repo/Project1/Content/StarterContent/Blueprints/Blueprint_CeilingLight.uasset"
[2018.11.09-03.41.20:099][  0]LogPackFactory: Copied "../../../Samples/StarterContent/Content/StarterContent/Blueprints/Blueprint_Effect_Explosion.uasset" to "../../../../../../Users/hanspnd/Desktop/First_repo/Project1/Content/StarterContent/Blueprints/Blueprint_Effect_Explosion.uasset"
[2018.11.09-03.41.20:125][  0]LogPackFactory: Copied "../../../Samples/StarterContent/Content/StarterContent/Blueprints/Blueprint_Effect_Fire.uasset" to "../../../../../../Users/hanspnd/Desktop/First_repo/Project1/Content/StarterContent/Blueprints/Blueprint_Effect_Fire.uasset"
[2018.11.09-03.41.20:153][  0]LogPackFactory: Copied "../../../Samples/StarterContent/Content/StarterContent/Blueprints/Blueprint_Effect_Smoke.uasset" to "../../../../../../Users/hanspnd/Desktop/First_repo/Project1/Content/StarterContent/Blueprints/Blueprint_Effect_Smoke.uasset"
[2018.11.09-03.41.20:191][  0]LogPackFactory: Copied "../../../Samples/StarterContent/Content/StarterContent/Blueprints/Blueprint_Effect_Sparks.uasset" to "../../../../../../Users/hanspnd/Desktop/First_repo/Project1/Content/StarterContent/Blueprints/Blueprint_Effect_Sparks.uasset"
[2018.11.09-03.41.20:222][  0]LogPackFactory: Copied "../../../Samples/StarterContent/Content/StarterContent/Blueprints/Blueprint_Effect_Steam.uasset" to "../../../../../../Users/hanspnd/Desktop/First_repo/Project1/Content/StarterContent/Blueprints/Blueprint_Effect_Steam.uasset"
[2018.11.09-03.41.20:249][  0]LogPackFactory: Copied "../../../Samples/StarterContent/Content/StarterContent/Blueprints/Blueprint_WallSconce.uasset" to "../../../../../../Users/hanspnd/Desktop/First_repo/Project1/Content/StarterContent/Blueprints/Blueprint_WallSconce.uasset"
[2018.11.09-03.41.20:274][  0]LogPackFactory: Copied "../../../Samples/StarterContent/Content/StarterContent/Blueprints/BP_LightStudio.uasset" to "../../../../../../Users/hanspnd/Desktop/First_repo/Project1/Content/StarterContent/Blueprints/BP_LightStudio.uasset"
[2018.11.09-03.41.20:296][  0]LogPackFactory: Copied "../../../Samples/StarterContent/Content/StarterContent/Blueprints/Assets/FogBrightnessLUT.uasset" to "../../../../../../Users/hanspnd/Desktop/First_repo/Project1/Content/StarterContent/Blueprints/Assets/FogBrightnessLUT.uasset"
[2018.11.09-03.41.20:323][  0]LogPackFactory: Copied "../../../Samples/StarterContent/Content/StarterContent/Blueprints/Assets/M_LightStage_Arrows.uasset" to "../../../../../../Users/hanspnd/Desktop/First_repo/Project1/Content/StarterContent/Blueprints/Assets/M_LightStage_Arrows.uasset"
[2018.11.09-03.41.20:359][  0]LogPackFactory: Copied "../../../Samples/StarterContent/Content/StarterContent/Blueprints/Assets/M_LightStage_Skybox_Black.uasset" to "../../../../../../Users/hanspnd/Desktop/First_repo/Project1/Content/StarterContent/Blueprints/Assets/M_LightStage_Skybox_Black.uasset"
[2018.11.09-03.41.20:427][  0]LogPackFactory: Copied "../../../Samples/StarterContent/Content/StarterContent/Blueprints/Assets/M_LightStage_Skybox_HDRI.uasset" to "../../../../../../Users/hanspnd/Desktop/First_repo/Project1/Content/StarterContent/Blueprints/Assets/M_LightStage_Skybox_HDRI.uasset"
[2018.11.09-03.41.20:460][  0]LogPackFactory: Copied "../../../Samples/StarterContent/Content/StarterContent/Blueprints/Assets/M_LightStage_Skybox_Master.uasset" to "../../../../../../Users/hanspnd/Desktop/First_repo/Project1/Content/StarterContent/Blueprints/Assets/M_LightStage_Skybox_Master.uasset"
[2018.11.09-03.41.20:526][  0]LogPackFactory: Copied "../../../Samples/StarterContent/Content/StarterContent/Blueprints/Assets/Skybox.uasset" to "../../../../../../Users/hanspnd/Desktop/First_repo/Project1/Content/StarterContent/Blueprints/Assets/Skybox.uasset"
[2018.11.09-03.41.20:631][  0]LogPackFactory: Copied "../../../Samples/StarterContent/Content/StarterContent/Blueprints/Assets/SM_Arrows.uasset" to "../../../../../../Users/hanspnd/Desktop/First_repo/Project1/Content/StarterContent/Blueprints/Assets/SM_Arrows.uasset"
[2018.11.09-03.41.20:648][  0]LogPackFactory: Copied "../../../Samples/StarterContent/Content/StarterContent/Blueprints/Assets/SunlightColorLUT.uasset" to "../../../../../../Users/hanspnd/Desktop/First_repo/Project1/Content/StarterContent/Blueprints/Assets/SunlightColorLUT.uasset"
[2018.11.09-03.41.22:775][  0]LogPackFactory: Copied "../../../Samples/StarterContent/Content/StarterContent/HDRI/HDRI_Epic_Courtyard_Daylight.uasset" to "../../../../../../Users/hanspnd/Desktop/First_repo/Project1/Content/StarterContent/HDRI/HDRI_Epic_Courtyard_Daylight.uasset"
[2018.11.09-03.41.22:960][  0]LogPackFactory: Copied "../../../Samples/StarterContent/Content/StarterContent/Maps/Advanced_Lighting.umap" to "../../../../../../Users/hanspnd/Desktop/First_repo/Project1/Content/StarterContent/Maps/Advanced_Lighting.umap"
[2018.11.09-03.41.23:002][  0]LogPackFactory: Copied "../../../Samples/StarterContent/Content/StarterContent/Maps/Advanced_Lighting_BuiltData.uasset" to "../../../../../../Users/hanspnd/Desktop/First_repo/Project1/Content/StarterContent/Maps/Advanced_Lighting_BuiltData.uasset"
[2018.11.09-03.41.23:045][  0]LogPackFactory: Copied "../../../Samples/StarterContent/Content/StarterContent/Maps/Minimal_Default.umap" to "../../../../../../Users/hanspnd/Desktop/First_repo/Project1/Content/StarterContent/Maps/Minimal_Default.umap"
[2018.11.09-03.41.23:152][  0]LogPackFactory: Copied "../../../Samples/StarterContent/Content/StarterContent/Maps/Minimal_Default_BuiltData.uasset" to "../../../../../../Users/hanspnd/Desktop/First_repo/Project1/Content/StarterContent/Maps/Minimal_Default_BuiltData.uasset"
[2018.11.09-03.41.23:238][  0]LogPackFactory: Copied "../../../Samples/StarterContent/Content/StarterContent/Maps/StarterMap.umap" to "../../../../../../Users/hanspnd/Desktop/First_repo/Project1/Content/StarterContent/Maps/StarterMap.umap"
[2018.11.09-03.41.23:876][  0]LogPackFactory: Copied "../../../Samples/StarterContent/Content/StarterContent/Maps/StarterMap_BuiltData.uasset" to "../../../../../../Users/hanspnd/Desktop/First_repo/Project1/Content/StarterContent/Maps/StarterMap_BuiltData.uasset"
[2018.11.09-03.41.23:922][  0]LogPackFactory: Copied "../../../Samples/StarterContent/Content/StarterContent/Materials/M_AssetPlatform.uasset" to "../../../../../../Users/hanspnd/Desktop/First_repo/Project1/Content/StarterContent/Materials/M_AssetPlatform.uasset"
[2018.11.09-03.41.23:965][  0]LogPackFactory: Copied "../../../Samples/StarterContent/Content/StarterContent/Materials/M_Basic_Floor.uasset" to "../../../../../../Users/hanspnd/Desktop/First_repo/Project1/Content/StarterContent/Materials/M_Basic_Floor.uasset"
[2018.11.09-03.41.24:119][  0]LogPackFactory: Copied "../../../Samples/StarterContent/Content/StarterContent/Materials/M_Basic_Wall.uasset" to "../../../../../../Users/hanspnd/Desktop/First_repo/Project1/Content/StarterContent/Materials/M_Basic_Wall.uasset"
[2018.11.09-03.41.24:298][  0]LogPackFactory: Copied "../../../Samples/StarterContent/Content/StarterContent/Materials/M_Brick_Clay_Beveled.uasset" to "../../../../../../Users/hanspnd/Desktop/First_repo/Project1/Content/StarterContent/Materials/M_Brick_Clay_Beveled.uasset"
[2018.11.09-03.41.24:493][  0]LogPackFactory: Copied "../../../Samples/StarterContent/Content/StarterContent/Materials/M_Brick_Clay_New.uasset" to "../../../../../../Users/hanspnd/Desktop/First_repo/Project1/Content/StarterContent/Materials/M_Brick_Clay_New.uasset"
[2018.11.09-03.41.24:592][  0]LogPackFactory: Copied "../../../Samples/StarterContent/Content/StarterContent/Materials/M_Brick_Clay_Old.uasset" to "../../../../../../Users/hanspnd/Desktop/First_repo/Project1/Content/StarterContent/Materials/M_Brick_Clay_Old.uasset"
[2018.11.09-03.41.24:754][  0]LogPackFactory: Copied "../../../Samples/StarterContent/Content/StarterContent/Materials/M_Brick_Cut_Stone.uasset" to "../../../../../../Users/hanspnd/Desktop/First_repo/Project1/Content/StarterContent/Materials/M_Brick_Cut_Stone.uasset"
[2018.11.09-03.41.24:831][  0]LogPackFactory: Copied "../../../Samples/StarterContent/Content/StarterContent/Materials/M_Brick_Hewn_Stone.uasset" to "../../../../../../Users/hanspnd/Desktop/First_repo/Project1/Content/StarterContent/Materials/M_Brick_Hewn_Stone.uasset"
[2018.11.09-03.41.24:931][  0]LogPackFactory: Copied "../../../Samples/StarterContent/Content/StarterContent/Materials/M_Ceramic_Tile_Checker.uasset" to "../../../../../../Users/hanspnd/Desktop/First_repo/Project1/Content/StarterContent/Materials/M_Ceramic_Tile_Checker.uasset"
[2018.11.09-03.41.25:110][  0]LogPackFactory: Copied "../../../Samples/StarterContent/Content/StarterContent/Materials/M_CobbleStone_Pebble.uasset" to "../../../../../../Users/hanspnd/Desktop/First_repo/Project1/Content/StarterContent/Materials/M_CobbleStone_Pebble.uasset"
[2018.11.09-03.41.25:195][  0]LogPackFactory: Copied "../../../Samples/StarterContent/Content/StarterContent/Materials/M_CobbleStone_Rough.uasset" to "../../../../../../Users/hanspnd/Desktop/First_repo/Project1/Content/StarterContent/Materials/M_CobbleStone_Rough.uasset"
[2018.11.09-03.41.25:262][  0]LogPackFactory: Copied "../../../Samples/StarterContent/Content/StarterContent/Materials/M_CobbleStone_Smooth.uasset" to "../../../../../../Users/hanspnd/Desktop/First_repo/Project1/Content/StarterContent/Materials/M_CobbleStone_Smooth.uasset"
[2018.11.09-03.41.25:307][  0]LogPackFactory: Copied "../../../Samples/StarterContent/Content/StarterContent/Materials/M_ColorGrid_LowSpec.uasset" to "../../../../../../Users/hanspnd/Desktop/First_repo/Project1/Content/StarterContent/Materials/M_ColorGrid_LowSpec.uasset"
[2018.11.09-03.41.25:368][  0]LogPackFactory: Copied "../../../Samples/StarterContent/Content/StarterContent/Materials/M_Concrete_Grime.uasset" to "../../../../../../Users/hanspnd/Desktop/First_repo/Project1/Content/StarterContent/Materials/M_Concrete_Grime.uasset"
[2018.11.09-03.41.25:506][  0]LogPackFactory: Copied "../../../Samples/StarterContent/Content/StarterContent/Materials/M_Concrete_Panels.uasset" to "../../../../../../Users/hanspnd/Desktop/First_repo/Project1/Content/StarterContent/Materials/M_Concrete_Panels.uasset"
[2018.11.09-03.41.25:621][  0]LogPackFactory: Copied "../../../Samples/StarterContent/Content/StarterContent/Materials/M_Concrete_Poured.uasset" to "../../../../../../Users/hanspnd/Desktop/First_repo/Project1/Content/StarterContent/Materials/M_Concrete_Poured.uasset"
[2018.11.09-03.41.25:885][  0]LogPackFactory: Copied "../../../Samples/StarterContent/Content/StarterContent/Materials/M_Concrete_Tiles.uasset" to "../../../../../../Users/hanspnd/Desktop/First_repo/Project1/Content/StarterContent/Materials/M_Concrete_Tiles.uasset"
[2018.11.09-03.41.26:025][  0]LogPackFactory: Copied "../../../Samples/StarterContent/Content/StarterContent/Materials/M_Glass.uasset" to "../../../../../../Users/hanspnd/Desktop/First_repo/Project1/Content/StarterContent/Materials/M_Glass.uasset"
[2018.11.09-03.41.26:055][  0]LogPackFactory: Copied "../../../Samples/StarterContent/Content/StarterContent/Materials/M_Ground_Grass.uasset" to "../../../../../../Users/hanspnd/Desktop/First_repo/Project1/Content/StarterContent/Materials/M_Ground_Grass.uasset"
[2018.11.09-03.41.26:085][  0]LogPackFactory: Copied "../../../Samples/StarterContent/Content/StarterContent/Materials/M_Ground_Gravel.uasset" to "../../../../../../Users/hanspnd/Desktop/First_repo/Project1/Content/StarterContent/Materials/M_Ground_Gravel.uasset"
[2018.11.09-03.41.26:113][  0]LogPackFactory: Copied "../../../Samples/StarterContent/Content/StarterContent/Materials/M_Ground_Moss.uasset" to "../../../../../../Users/hanspnd/Desktop/First_repo/Project1/Content/StarterContent/Materials/M_Ground_Moss.uasset"
[2018.11.09-03.41.26:135][  0]LogPackFactory: Copied "../../../Samples/StarterContent/Content/StarterContent/Materials/M_Metal_Brushed_Nickel.uasset" to "../../../../../../Users/hanspnd/Desktop/First_repo/Project1/Content/StarterContent/Materials/M_Metal_Brushed_Nickel.uasset"
[2018.11.09-03.41.26:158][  0]LogPackFactory: Copied "../../../Samples/StarterContent/Content/StarterContent/Materials/M_Metal_Burnished_Steel.uasset" to "../../../../../../Users/hanspnd/Desktop/First_repo/Project1/Content/StarterContent/Materials/M_Metal_Burnished_Steel.uasset"
[2018.11.09-03.41.26:196][  0]LogPackFactory: Copied "../../../Samples/StarterContent/Content/StarterContent/Materials/M_Metal_Chrome.uasset" to "../../../../../../Users/hanspnd/Desktop/First_repo/Project1/Content/StarterContent/Materials/M_Metal_Chrome.uasset"
[2018.11.09-03.41.26:222][  0]LogPackFactory: Copied "../../../Samples/StarterContent/Content/StarterContent/Materials/M_Metal_Copper.uasset" to "../../../../../../Users/hanspnd/Desktop/First_repo/Project1/Content/StarterContent/Materials/M_Metal_Copper.uasset"
[2018.11.09-03.41.26:249][  0]LogPackFactory: Copied "../../../Samples/StarterContent/Content/StarterContent/Materials/M_Metal_Gold.uasset" to "../../../../../../Users/hanspnd/Desktop/First_repo/Project1/Content/StarterContent/Materials/M_Metal_Gold.uasset"
[2018.11.09-03.41.26:285][  0]LogPackFactory: Copied "../../../Samples/StarterContent/Content/StarterContent/Materials/M_Metal_Rust.uasset" to "../../../../../../Users/hanspnd/Desktop/First_repo/Project1/Content/StarterContent/Materials/M_Metal_Rust.uasset"
[2018.11.09-03.41.26:321][  0]LogPackFactory: Copied "../../../Samples/StarterContent/Content/StarterContent/Materials/M_Metal_Steel.uasset" to "../../../../../../Users/hanspnd/Desktop/First_repo/Project1/Content/StarterContent/Materials/M_Metal_Steel.uasset"
[2018.11.09-03.41.26:346][  0]LogPackFactory: Copied "../../../Samples/StarterContent/Content/StarterContent/Materials/M_Rock_Basalt.uasset" to "../../../../../../Users/hanspnd/Desktop/First_repo/Project1/Content/StarterContent/Materials/M_Rock_Basalt.uasset"
[2018.11.09-03.41.26:372][  0]LogPackFactory: Copied "../../../Samples/StarterContent/Content/StarterContent/Materials/M_Rock_Marble_Polished.uasset" to "../../../../../../Users/hanspnd/Desktop/First_repo/Project1/Content/StarterContent/Materials/M_Rock_Marble_Polished.uasset"
[2018.11.09-03.41.26:426][  0]LogPackFactory: Copied "../../../Samples/StarterContent/Content/StarterContent/Materials/M_Rock_Sandstone.uasset" to "../../../../../../Users/hanspnd/Desktop/First_repo/Project1/Content/StarterContent/Materials/M_Rock_Sandstone.uasset"
[2018.11.09-03.41.26:465][  0]LogPackFactory: Copied "../../../Samples/StarterContent/Content/StarterContent/Materials/M_Rock_Slate.uasset" to "../../../../../../Users/hanspnd/Desktop/First_repo/Project1/Content/StarterContent/Materials/M_Rock_Slate.uasset"
[2018.11.09-03.41.26:500][  0]LogPackFactory: Copied "../../../Samples/StarterContent/Content/StarterContent/Materials/M_Tech_Checker_Dot.uasset" to "../../../../../../Users/hanspnd/Desktop/First_repo/Project1/Content/StarterContent/Materials/M_Tech_Checker_Dot.uasset"
[2018.11.09-03.41.26:524][  0]LogPackFactory: Copied "../../../Samples/StarterContent/Content/StarterContent/Materials/M_Tech_Hex_Tile.uasset" to "../../../../../../Users/hanspnd/Desktop/First_repo/Project1/Content/StarterContent/Materials/M_Tech_Hex_Tile.uasset"
[2018.11.09-03.41.26:546][  0]LogPackFactory: Copied "../../../Samples/StarterContent/Content/StarterContent/Materials/M_Tech_Hex_Tile_Pulse.uasset" to "../../../../../../Users/hanspnd/Desktop/First_repo/Project1/Content/StarterContent/Materials/M_Tech_Hex_Tile_Pulse.uasset"
[2018.11.09-03.41.26:582][  0]LogPackFactory: Copied "../../../Samples/StarterContent/Content/StarterContent/Materials/M_Tech_Panel.uasset" to "../../../../../../Users/hanspnd/Desktop/First_repo/Project1/Content/StarterContent/Materials/M_Tech_Panel.uasset"
[2018.11.09-03.41.26:600][  0]LogPackFactory: Copied "../../../Samples/StarterContent/Content/StarterContent/Materials/M_Water_Lake.uasset" to "../../../../../../Users/hanspnd/Desktop/First_repo/Project1/Content/StarterContent/Materials/M_Water_Lake.uasset"
[2018.11.09-03.41.26:628][  0]LogPackFactory: Copied "../../../Samples/StarterContent/Content/StarterContent/Materials/M_Water_Ocean.uasset" to "../../../../../../Users/hanspnd/Desktop/First_repo/Project1/Content/StarterContent/Materials/M_Water_Ocean.uasset"
[2018.11.09-03.41.26:664][  0]LogPackFactory: Copied "../../../Samples/StarterContent/Content/StarterContent/Materials/M_Wood_Floor_Walnut_Polished.uasset" to "../../../../../../Users/hanspnd/Desktop/First_repo/Project1/Content/StarterContent/Materials/M_Wood_Floor_Walnut_Polished.uasset"
[2018.11.09-03.41.26:688][  0]LogPackFactory: Copied "../../../Samples/StarterContent/Content/StarterContent/Materials/M_Wood_Floor_Walnut_Worn.uasset" to "../../../../../../Users/hanspnd/Desktop/First_repo/Project1/Content/StarterContent/Materials/M_Wood_Floor_Walnut_Worn.uasset"
[2018.11.09-03.41.26:718][  0]LogPackFactory: Copied "../../../Samples/StarterContent/Content/StarterContent/Materials/M_Wood_Oak.uasset" to "../../../../../../Users/hanspnd/Desktop/First_repo/Project1/Content/StarterContent/Materials/M_Wood_Oak.uasset"
[2018.11.09-03.41.26:818][  0]LogPackFactory: Copied "../../../Samples/StarterContent/Content/StarterContent/Materials/M_Wood_Pine.uasset" to "../../../../../../Users/hanspnd/Desktop/First_repo/Project1/Content/StarterContent/Materials/M_Wood_Pine.uasset"
[2018.11.09-03.41.26:934][  0]LogPackFactory: Copied "../../../Samples/StarterContent/Content/StarterContent/Materials/M_Wood_Walnut.uasset" to "../../../../../../Users/hanspnd/Desktop/First_repo/Project1/Content/StarterContent/Materials/M_Wood_Walnut.uasset"
[2018.11.09-03.41.27:117][  0]LogPackFactory: Copied "../../../Samples/StarterContent/Content/StarterContent/Particles/P_Ambient_Dust.uasset" to "../../../../../../Users/hanspnd/Desktop/First_repo/Project1/Content/StarterContent/Particles/P_Ambient_Dust.uasset"
[2018.11.09-03.41.27:167][  0]LogPackFactory: Copied "../../../Samples/StarterContent/Content/StarterContent/Particles/P_Explosion.uasset" to "../../../../../../Users/hanspnd/Desktop/First_repo/Project1/Content/StarterContent/Particles/P_Explosion.uasset"
[2018.11.09-03.41.27:252][  0]LogPackFactory: Copied "../../../Samples/StarterContent/Content/StarterContent/Particles/P_Fire.uasset" to "../../../../../../Users/hanspnd/Desktop/First_repo/Project1/Content/StarterContent/Particles/P_Fire.uasset"
[2018.11.09-03.41.27:306][  0]LogPackFactory: Copied "../../../Samples/StarterContent/Content/StarterContent/Particles/P_Smoke.uasset" to "../../../../../../Users/hanspnd/Desktop/First_repo/Project1/Content/StarterContent/Particles/P_Smoke.uasset"
[2018.11.09-03.41.27:409][  0]LogPackFactory: Copied "../../../Samples/StarterContent/Content/StarterContent/Particles/P_Sparks.uasset" to "../../../../../../Users/hanspnd/Desktop/First_repo/Project1/Content/StarterContent/Particles/P_Sparks.uasset"
[2018.11.09-03.41.27:529][  0]LogPackFactory: Copied "../../../Samples/StarterContent/Content/StarterContent/Particles/P_Steam_Lit.uasset" to "../../../../../../Users/hanspnd/Desktop/First_repo/Project1/Content/StarterContent/Particles/P_Steam_Lit.uasset"
[2018.11.09-03.41.27:615][  0]LogPackFactory: Copied "../../../Samples/StarterContent/Content/StarterContent/Particles/Materials/M_Burst.uasset" to "../../../../../../Users/hanspnd/Desktop/First_repo/Project1/Content/StarterContent/Particles/Materials/M_Burst.uasset"
[2018.11.09-03.41.27:682][  0]LogPackFactory: Copied "../../../Samples/StarterContent/Content/StarterContent/Particles/Materials/M_Dust_Particle.uasset" to "../../../../../../Users/hanspnd/Desktop/First_repo/Project1/Content/StarterContent/Particles/Materials/M_Dust_Particle.uasset"
[2018.11.09-03.41.27:786][  0]LogPackFactory: Copied "../../../Samples/StarterContent/Content/StarterContent/Particles/Materials/M_explosion_subUV.uasset" to "../../../../../../Users/hanspnd/Desktop/First_repo/Project1/Content/StarterContent/Particles/Materials/M_explosion_subUV.uasset"
[2018.11.09-03.41.27:824][  0]LogPackFactory: Copied "../../../Samples/StarterContent/Content/StarterContent/Particles/Materials/M_Fire_SubUV.uasset" to "../../../../../../Users/hanspnd/Desktop/First_repo/Project1/Content/StarterContent/Particles/Materials/M_Fire_SubUV.uasset"
[2018.11.09-03.41.27:876][  0]LogPackFactory: Copied "../../../Samples/StarterContent/Content/StarterContent/Particles/Materials/m_flare_01.uasset" to "../../../../../../Users/hanspnd/Desktop/First_repo/Project1/Content/StarterContent/Particles/Materials/m_flare_01.uasset"
[2018.11.09-03.41.27:913][  0]LogPackFactory: Copied "../../../Samples/StarterContent/Content/StarterContent/Particles/Materials/M_Heat_Distortion.uasset" to "../../../../../../Users/hanspnd/Desktop/First_repo/Project1/Content/StarterContent/Particles/Materials/M_Heat_Distortion.uasset"
[2018.11.09-03.41.27:959][  0]LogPackFactory: Copied "../../../Samples/StarterContent/Content/StarterContent/Particles/Materials/M_Radial_Gradient.uasset" to "../../../../../../Users/hanspnd/Desktop/First_repo/Project1/Content/StarterContent/Particles/Materials/M_Radial_Gradient.uasset"
[2018.11.09-03.41.28:011][  0]LogPackFactory: Copied "../../../Samples/StarterContent/Content/StarterContent/Particles/Materials/M_radial_ramp.uasset" to "../../../../../../Users/hanspnd/Desktop/First_repo/Project1/Content/StarterContent/Particles/Materials/M_radial_ramp.uasset"
[2018.11.09-03.41.28:066][  0]LogPackFactory: Copied "../../../Samples/StarterContent/Content/StarterContent/Particles/Materials/M_smoke_subUV.uasset" to "../../../../../../Users/hanspnd/Desktop/First_repo/Project1/Content/StarterContent/Particles/Materials/M_smoke_subUV.uasset"
[2018.11.09-03.41.28:090][  0]LogPackFactory: Copied "../../../Samples/StarterContent/Content/StarterContent/Particles/Materials/M_Spark.uasset" to "../../../../../../Users/hanspnd/Desktop/First_repo/Project1/Content/StarterContent/Particles/Materials/M_Spark.uasset"
[2018.11.09-03.41.28:171][  0]LogPackFactory: Copied "../../../Samples/StarterContent/Content/StarterContent/Props/MaterialSphere.uasset" to "../../../../../../Users/hanspnd/Desktop/First_repo/Project1/Content/StarterContent/Props/MaterialSphere.uasset"
[2018.11.09-03.41.28:230][  0]LogPackFactory: Copied "../../../Samples/StarterContent/Content/StarterContent/Props/SM_Bush.uasset" to "../../../../../../Users/hanspnd/Desktop/First_repo/Project1/Content/StarterContent/Props/SM_Bush.uasset"
[2018.11.09-03.41.28:254][  0]LogPackFactory: Copied "../../../Samples/StarterContent/Content/StarterContent/Props/SM_Chair.uasset" to "../../../../../../Users/hanspnd/Desktop/First_repo/Project1/Content/StarterContent/Props/SM_Chair.uasset"
[2018.11.09-03.41.28:270][  0]LogPackFactory: Copied "../../../Samples/StarterContent/Content/StarterContent/Props/SM_CornerFrame.uasset" to "../../../../../../Users/hanspnd/Desktop/First_repo/Project1/Content/StarterContent/Props/SM_CornerFrame.uasset"
[2018.11.09-03.41.28:298][  0]LogPackFactory: Copied "../../../Samples/StarterContent/Content/StarterContent/Props/SM_Couch.uasset" to "../../../../../../Users/hanspnd/Desktop/First_repo/Project1/Content/StarterContent/Props/SM_Couch.uasset"
[2018.11.09-03.41.28:312][  0]LogPackFactory: Copied "../../../Samples/StarterContent/Content/StarterContent/Props/SM_Door.uasset" to "../../../../../../Users/hanspnd/Desktop/First_repo/Project1/Content/StarterContent/Props/SM_Door.uasset"
[2018.11.09-03.41.28:326][  0]LogPackFactory: Copied "../../../Samples/StarterContent/Content/StarterContent/Props/SM_DoorFrame.uasset" to "../../../../../../Users/hanspnd/Desktop/First_repo/Project1/Content/StarterContent/Props/SM_DoorFrame.uasset"
[2018.11.09-03.41.28:393][  0]LogPackFactory: Copied "../../../Samples/StarterContent/Content/StarterContent/Props/SM_GlassWindow.uasset" to "../../../../../../Users/hanspnd/Desktop/First_repo/Project1/Content/StarterContent/Props/SM_GlassWindow.uasset"
[2018.11.09-03.41.28:422][  0]LogPackFactory: Copied "../../../Samples/StarterContent/Content/StarterContent/Props/SM_Lamp_Ceiling.uasset" to "../../../../../../Users/hanspnd/Desktop/First_repo/Project1/Content/StarterContent/Props/SM_Lamp_Ceiling.uasset"
[2018.11.09-03.41.28:450][  0]LogPackFactory: Copied "../../../Samples/StarterContent/Content/StarterContent/Props/SM_Lamp_Wall.uasset" to "../../../../../../Users/hanspnd/Desktop/First_repo/Project1/Content/StarterContent/Props/SM_Lamp_Wall.uasset"
[2018.11.09-03.41.28:509][  0]LogPackFactory: Copied "../../../Samples/StarterContent/Content/StarterContent/Props/SM_MatPreviewMesh_02.uasset" to "../../../../../../Users/hanspnd/Desktop/First_repo/Project1/Content/StarterContent/Props/SM_MatPreviewMesh_02.uasset"
[2018.11.09-03.41.28:537][  0]LogPackFactory: Copied "../../../Samples/StarterContent/Content/StarterContent/Props/SM_PillarFrame.uasset" to "../../../../../../Users/hanspnd/Desktop/First_repo/Project1/Content/StarterContent/Props/SM_PillarFrame.uasset"
[2018.11.09-03.41.28:566][  0]LogPackFactory: Copied "../../../Samples/StarterContent/Content/StarterContent/Props/SM_PillarFrame300.uasset" to "../../../../../../Users/hanspnd/Desktop/First_repo/Project1/Content/StarterContent/Props/SM_PillarFrame300.uasset"
[2018.11.09-03.41.28:594][  0]LogPackFactory: Copied "../../../Samples/StarterContent/Content/StarterContent/Props/SM_Rock.uasset" to "../../../../../../Users/hanspnd/Desktop/First_repo/Project1/Content/StarterContent/Props/SM_Rock.uasset"
[2018.11.09-03.41.28:622][  0]LogPackFactory: Copied "../../../Samples/StarterContent/Content/StarterContent/Props/SM_Shelf.uasset" to "../../../../../../Users/hanspnd/Desktop/First_repo/Project1/Content/StarterContent/Props/SM_Shelf.uasset"
[2018.11.09-03.41.28:651][  0]LogPackFactory: Copied "../../../Samples/StarterContent/Content/StarterContent/Props/SM_Stairs.uasset" to "../../../../../../Users/hanspnd/Desktop/First_repo/Project1/Content/StarterContent/Props/SM_Stairs.uasset"
[2018.11.09-03.41.28:678][  0]LogPackFactory: Copied "../../../Samples/StarterContent/Content/StarterContent/Props/SM_Statue.uasset" to "../../../../../../Users/hanspnd/Desktop/First_repo/Project1/Content/StarterContent/Props/SM_Statue.uasset"
[2018.11.09-03.41.28:797][  0]LogPackFactory: Copied "../../../Samples/StarterContent/Content/StarterContent/Props/SM_TableRound.uasset" to "../../../../../../Users/hanspnd/Desktop/First_repo/Project1/Content/StarterContent/Props/SM_TableRound.uasset"
[2018.11.09-03.41.28:852][  0]LogPackFactory: Copied "../../../Samples/StarterContent/Content/StarterContent/Props/SM_WindowFrame.uasset" to "../../../../../../Users/hanspnd/Desktop/First_repo/Project1/Content/StarterContent/Props/SM_WindowFrame.uasset"
[2018.11.09-03.41.28:912][  0]LogPackFactory: Copied "../../../Samples/StarterContent/Content/StarterContent/Props/Materials/M_Bush.uasset" to "../../../../../../Users/hanspnd/Desktop/First_repo/Project1/Content/StarterContent/Props/Materials/M_Bush.uasset"
[2018.11.09-03.41.28:950][  0]LogPackFactory: Copied "../../../Samples/StarterContent/Content/StarterContent/Props/Materials/M_Chair.uasset" to "../../../../../../Users/hanspnd/Desktop/First_repo/Project1/Content/StarterContent/Props/Materials/M_Chair.uasset"
[2018.11.09-03.41.28:986][  0]LogPackFactory: Copied "../../../Samples/StarterContent/Content/StarterContent/Props/Materials/M_Door.uasset" to "../../../../../../Users/hanspnd/Desktop/First_repo/Project1/Content/StarterContent/Props/Materials/M_Door.uasset"
[2018.11.09-03.41.29:026][  0]LogPackFactory: Copied "../../../Samples/StarterContent/Content/StarterContent/Props/Materials/M_Frame.uasset" to "../../../../../../Users/hanspnd/Desktop/First_repo/Project1/Content/StarterContent/Props/Materials/M_Frame.uasset"
[2018.11.09-03.41.29:057][  0]LogPackFactory: Copied "../../../Samples/StarterContent/Content/StarterContent/Props/Materials/M_Lamp.uasset" to "../../../../../../Users/hanspnd/Desktop/First_repo/Project1/Content/StarterContent/Props/Materials/M_Lamp.uasset"
[2018.11.09-03.41.29:074][  0]LogPackFactory: Copied "../../../Samples/StarterContent/Content/StarterContent/Props/Materials/M_MaterialSphere.uasset" to "../../../../../../Users/hanspnd/Desktop/First_repo/Project1/Content/StarterContent/Props/Materials/M_MaterialSphere.uasset"
[2018.11.09-03.41.29:091][  0]LogPackFactory: Copied "../../../Samples/StarterContent/Content/StarterContent/Props/Materials/M_MaterialSphere_Plain.uasset" to "../../../../../../Users/hanspnd/Desktop/First_repo/Project1/Content/StarterContent/Props/Materials/M_MaterialSphere_Plain.uasset"
[2018.11.09-03.41.29:119][  0]LogPackFactory: Copied "../../../Samples/StarterContent/Content/StarterContent/Props/Materials/M_Rock.uasset" to "../../../../../../Users/hanspnd/Desktop/First_repo/Project1/Content/StarterContent/Props/Materials/M_Rock.uasset"
[2018.11.09-03.41.29:134][  0]LogPackFactory: Copied "../../../Samples/StarterContent/Content/StarterContent/Props/Materials/M_Shelf.uasset" to "../../../../../../Users/hanspnd/Desktop/First_repo/Project1/Content/StarterContent/Props/Materials/M_Shelf.uasset"
[2018.11.09-03.41.29:150][  0]LogPackFactory: Copied "../../../Samples/StarterContent/Content/StarterContent/Props/Materials/M_Statue.uasset" to "../../../../../../Users/hanspnd/Desktop/First_repo/Project1/Content/StarterContent/Props/Materials/M_Statue.uasset"
[2018.11.09-03.41.29:175][  0]LogPackFactory: Copied "../../../Samples/StarterContent/Content/StarterContent/Props/Materials/M_StatueGlass.uasset" to "../../../../../../Users/hanspnd/Desktop/First_repo/Project1/Content/StarterContent/Props/Materials/M_StatueGlass.uasset"
[2018.11.09-03.41.29:189][  0]LogPackFactory: Copied "../../../Samples/StarterContent/Content/StarterContent/Props/Materials/M_TableRound.uasset" to "../../../../../../Users/hanspnd/Desktop/First_repo/Project1/Content/StarterContent/Props/Materials/M_TableRound.uasset"
[2018.11.09-03.41.29:210][  0]LogPackFactory: Copied "../../../Samples/StarterContent/Content/StarterContent/Shapes/Shape_Cone.uasset" to "../../../../../../Users/hanspnd/Desktop/First_repo/Project1/Content/StarterContent/Shapes/Shape_Cone.uasset"
[2018.11.09-03.41.29:225][  0]LogPackFactory: Copied "../../../Samples/StarterContent/Content/StarterContent/Shapes/Shape_Cube.uasset" to "../../../../../../Users/hanspnd/Desktop/First_repo/Project1/Content/StarterContent/Shapes/Shape_Cube.uasset"
[2018.11.09-03.41.29:246][  0]LogPackFactory: Copied "../../../Samples/StarterContent/Content/StarterContent/Shapes/Shape_Cylinder.uasset" to "../../../../../../Users/hanspnd/Desktop/First_repo/Project1/Content/StarterContent/Shapes/Shape_Cylinder.uasset"
[2018.11.09-03.41.29:261][  0]LogPackFactory: Copied "../../../Samples/StarterContent/Content/StarterContent/Shapes/Shape_NarrowCapsule.uasset" to "../../../../../../Users/hanspnd/Desktop/First_repo/Project1/Content/StarterContent/Shapes/Shape_NarrowCapsule.uasset"
[2018.11.09-03.41.29:276][  0]LogPackFactory: Copied "../../../Samples/StarterContent/Content/StarterContent/Shapes/Shape_Pipe.uasset" to "../../../../../../Users/hanspnd/Desktop/First_repo/Project1/Content/StarterContent/Shapes/Shape_Pipe.uasset"
[2018.11.09-03.41.29:303][  0]LogPackFactory: Copied "../../../Samples/StarterContent/Content/StarterContent/Shapes/Shape_Pipe_180.uasset" to "../../../../../../Users/hanspnd/Desktop/First_repo/Project1/Content/StarterContent/Shapes/Shape_Pipe_180.uasset"
[2018.11.09-03.41.29:318][  0]LogPackFactory: Copied "../../../Samples/StarterContent/Content/StarterContent/Shapes/Shape_Pipe_90.uasset" to "../../../../../../Users/hanspnd/Desktop/First_repo/Project1/Content/StarterContent/Shapes/Shape_Pipe_90.uasset"
[2018.11.09-03.41.29:331][  0]LogPackFactory: Copied "../../../Samples/StarterContent/Content/StarterContent/Shapes/Shape_Plane.uasset" to "../../../../../../Users/hanspnd/Desktop/First_repo/Project1/Content/StarterContent/Shapes/Shape_Plane.uasset"
[2018.11.09-03.41.29:345][  0]LogPackFactory: Copied "../../../Samples/StarterContent/Content/StarterContent/Shapes/Shape_QuadPyramid.uasset" to "../../../../../../Users/hanspnd/Desktop/First_repo/Project1/Content/StarterContent/Shapes/Shape_QuadPyramid.uasset"
[2018.11.09-03.41.29:360][  0]LogPackFactory: Copied "../../../Samples/StarterContent/Content/StarterContent/Shapes/Shape_Sphere.uasset" to "../../../../../../Users/hanspnd/Desktop/First_repo/Project1/Content/StarterContent/Shapes/Shape_Sphere.uasset"
[2018.11.09-03.41.29:375][  0]LogPackFactory: Copied "../../../Samples/StarterContent/Content/StarterContent/Shapes/Shape_Torus.uasset" to "../../../../../../Users/hanspnd/Desktop/First_repo/Project1/Content/StarterContent/Shapes/Shape_Torus.uasset"
[2018.11.09-03.41.29:396][  0]LogPackFactory: Copied "../../../Samples/StarterContent/Content/StarterContent/Shapes/Shape_Trim.uasset" to "../../../../../../Users/hanspnd/Desktop/First_repo/Project1/Content/StarterContent/Shapes/Shape_Trim.uasset"
[2018.11.09-03.41.29:410][  0]LogPackFactory: Copied "../../../Samples/StarterContent/Content/StarterContent/Shapes/Shape_Trim_90_In.uasset" to "../../../../../../Users/hanspnd/Desktop/First_repo/Project1/Content/StarterContent/Shapes/Shape_Trim_90_In.uasset"
[2018.11.09-03.41.29:424][  0]LogPackFactory: Copied "../../../Samples/StarterContent/Content/StarterContent/Shapes/Shape_Trim_90_Out.uasset" to "../../../../../../Users/hanspnd/Desktop/First_repo/Project1/Content/StarterContent/Shapes/Shape_Trim_90_Out.uasset"
[2018.11.09-03.41.29:438][  0]LogPackFactory: Copied "../../../Samples/StarterContent/Content/StarterContent/Shapes/Shape_TriPyramid.uasset" to "../../../../../../Users/hanspnd/Desktop/First_repo/Project1/Content/StarterContent/Shapes/Shape_TriPyramid.uasset"
[2018.11.09-03.41.29:456][  0]LogPackFactory: Copied "../../../Samples/StarterContent/Content/StarterContent/Shapes/Shape_Tube.uasset" to "../../../../../../Users/hanspnd/Desktop/First_repo/Project1/Content/StarterContent/Shapes/Shape_Tube.uasset"
[2018.11.09-03.41.29:473][  0]LogPackFactory: Copied "../../../Samples/StarterContent/Content/StarterContent/Shapes/Shape_Wedge_A.uasset" to "../../../../../../Users/hanspnd/Desktop/First_repo/Project1/Content/StarterContent/Shapes/Shape_Wedge_A.uasset"
[2018.11.09-03.41.29:488][  0]LogPackFactory: Copied "../../../Samples/StarterContent/Content/StarterContent/Shapes/Shape_Wedge_B.uasset" to "../../../../../../Users/hanspnd/Desktop/First_repo/Project1/Content/StarterContent/Shapes/Shape_Wedge_B.uasset"
[2018.11.09-03.41.29:504][  0]LogPackFactory: Copied "../../../Samples/StarterContent/Content/StarterContent/Shapes/Shape_WideCapsule.uasset" to "../../../../../../Users/hanspnd/Desktop/First_repo/Project1/Content/StarterContent/Shapes/Shape_WideCapsule.uasset"
[2018.11.09-03.41.29:689][  0]LogPackFactory: Copied "../../../Samples/StarterContent/Content/StarterContent/Textures/T_Brick_Clay_Beveled_D.uasset" to "../../../../../../Users/hanspnd/Desktop/First_repo/Project1/Content/StarterContent/Textures/T_Brick_Clay_Beveled_D.uasset"
[2018.11.09-03.41.29:892][  0]LogPackFactory: Copied "../../../Samples/StarterContent/Content/StarterContent/Textures/T_Brick_Clay_Beveled_M.uasset" to "../../../../../../Users/hanspnd/Desktop/First_repo/Project1/Content/StarterContent/Textures/T_Brick_Clay_Beveled_M.uasset"
[2018.11.09-03.41.30:108][  0]LogPackFactory: Copied "../../../Samples/StarterContent/Content/StarterContent/Textures/T_Brick_Clay_Beveled_N.uasset" to "../../../../../../Users/hanspnd/Desktop/First_repo/Project1/Content/StarterContent/Textures/T_Brick_Clay_Beveled_N.uasset"
[2018.11.09-03.41.30:269][  0]LogPackFactory: Copied "../../../Samples/StarterContent/Content/StarterContent/Textures/T_Brick_Clay_New_D.uasset" to "../../../../../../Users/hanspnd/Desktop/First_repo/Project1/Content/StarterContent/Textures/T_Brick_Clay_New_D.uasset"
[2018.11.09-03.41.30:496][  0]LogPackFactory: Copied "../../../Samples/StarterContent/Content/StarterContent/Textures/T_Brick_Clay_New_M.uasset" to "../../../../../../Users/hanspnd/Desktop/First_repo/Project1/Content/StarterContent/Textures/T_Brick_Clay_New_M.uasset"
[2018.11.09-03.41.30:731][  0]LogPackFactory: Copied "../../../Samples/StarterContent/Content/StarterContent/Textures/T_Brick_Clay_New_N.uasset" to "../../../../../../Users/hanspnd/Desktop/First_repo/Project1/Content/StarterContent/Textures/T_Brick_Clay_New_N.uasset"
[2018.11.09-03.41.30:941][  0]LogPackFactory: Copied "../../../Samples/StarterContent/Content/StarterContent/Textures/T_Brick_Clay_Old_D.uasset" to "../../../../../../Users/hanspnd/Desktop/First_repo/Project1/Content/StarterContent/Textures/T_Brick_Clay_Old_D.uasset"
[2018.11.09-03.41.31:195][  0]LogPackFactory: Copied "../../../Samples/StarterContent/Content/StarterContent/Textures/T_Brick_Clay_Old_N.uasset" to "../../../../../../Users/hanspnd/Desktop/First_repo/Project1/Content/StarterContent/Textures/T_Brick_Clay_Old_N.uasset"
[2018.11.09-03.41.31:445][  0]LogPackFactory: Copied "../../../Samples/StarterContent/Content/StarterContent/Textures/T_Brick_Cut_Stone_D.uasset" to "../../../../../../Users/hanspnd/Desktop/First_repo/Project1/Content/StarterContent/Textures/T_Brick_Cut_Stone_D.uasset"
[2018.11.09-03.41.31:633][  0]LogPackFactory: Copied "../../../Samples/StarterContent/Content/StarterContent/Textures/T_Brick_Cut_Stone_N.uasset" to "../../../../../../Users/hanspnd/Desktop/First_repo/Project1/Content/StarterContent/Textures/T_Brick_Cut_Stone_N.uasset"
[2018.11.09-03.41.31:836][  0]LogPackFactory: Copied "../../../Samples/StarterContent/Content/StarterContent/Textures/T_Brick_Hewn_Stone_D.uasset" to "../../../../../../Users/hanspnd/Desktop/First_repo/Project1/Content/StarterContent/Textures/T_Brick_Hewn_Stone_D.uasset"
[2018.11.09-03.41.31:988][  0]LogPackFactory: Copied "../../../Samples/StarterContent/Content/StarterContent/Textures/T_Brick_Hewn_Stone_M.uasset" to "../../../../../../Users/hanspnd/Desktop/First_repo/Project1/Content/StarterContent/Textures/T_Brick_Hewn_Stone_M.uasset"
[2018.11.09-03.41.32:184][  0]LogPackFactory: Copied "../../../Samples/StarterContent/Content/StarterContent/Textures/T_Brick_Hewn_Stone_N.uasset" to "../../../../../../Users/hanspnd/Desktop/First_repo/Project1/Content/StarterContent/Textures/T_Brick_Hewn_Stone_N.uasset"
[2018.11.09-03.41.32:347][  0]LogPackFactory: Copied "../../../Samples/StarterContent/Content/StarterContent/Textures/T_Burst_M.uasset" to "../../../../../../Users/hanspnd/Desktop/First_repo/Project1/Content/StarterContent/Textures/T_Burst_M.uasset"
[2018.11.09-03.41.32:455][  0]LogPackFactory: Copied "../../../Samples/StarterContent/Content/StarterContent/Textures/T_Bush_D.uasset" to "../../../../../../Users/hanspnd/Desktop/First_repo/Project1/Content/StarterContent/Textures/T_Bush_D.uasset"
[2018.11.09-03.41.32:652][  0]LogPackFactory: Copied "../../../Samples/StarterContent/Content/StarterContent/Textures/T_Bush_N.uasset" to "../../../../../../Users/hanspnd/Desktop/First_repo/Project1/Content/StarterContent/Textures/T_Bush_N.uasset"
[2018.11.09-03.41.32:883][  0]LogPackFactory: Copied "../../../Samples/StarterContent/Content/StarterContent/Textures/T_Ceramic_Tile_M.uasset" to "../../../../../../Users/hanspnd/Desktop/First_repo/Project1/Content/StarterContent/Textures/T_Ceramic_Tile_M.uasset"
[2018.11.09-03.41.33:040][  0]LogPackFactory: Copied "../../../Samples/StarterContent/Content/StarterContent/Textures/T_Ceramic_Tile_N.uasset" to "../../../../../../Users/hanspnd/Desktop/First_repo/Project1/Content/StarterContent/Textures/T_Ceramic_Tile_N.uasset"
[2018.11.09-03.41.33:139][  0]LogPackFactory: Copied "../../../Samples/StarterContent/Content/StarterContent/Textures/T_Chair_M.uasset" to "../../../../../../Users/hanspnd/Desktop/First_repo/Project1/Content/StarterContent/Textures/T_Chair_M.uasset"
[2018.11.09-03.41.33:282][  0]LogPackFactory: Copied "../../../Samples/StarterContent/Content/StarterContent/Textures/T_Chair_N.uasset" to "../../../../../../Users/hanspnd/Desktop/First_repo/Project1/Content/StarterContent/Textures/T_Chair_N.uasset"
[2018.11.09-03.41.33:364][  0]LogPackFactory: Copied "../../../Samples/StarterContent/Content/StarterContent/Textures/T_Checker_Noise_M.uasset" to "../../../../../../Users/hanspnd/Desktop/First_repo/Project1/Content/StarterContent/Textures/T_Checker_Noise_M.uasset"
[2018.11.09-03.41.33:646][  0]LogPackFactory: Copied "../../../Samples/StarterContent/Content/StarterContent/Textures/T_CobbleStone_Pebble_D.uasset" to "../../../../../../Users/hanspnd/Desktop/First_repo/Project1/Content/StarterContent/Textures/T_CobbleStone_Pebble_D.uasset"
[2018.11.09-03.41.33:788][  0]LogPackFactory: Copied "../../../Samples/StarterContent/Content/StarterContent/Textures/T_CobbleStone_Pebble_M.uasset" to "../../../../../../Users/hanspnd/Desktop/First_repo/Project1/Content/StarterContent/Textures/T_CobbleStone_Pebble_M.uasset"
[2018.11.09-03.41.34:041][  0]LogPackFactory: Copied "../../../Samples/StarterContent/Content/StarterContent/Textures/T_CobbleStone_Pebble_N.uasset" to "../../../../../../Users/hanspnd/Desktop/First_repo/Project1/Content/StarterContent/Textures/T_CobbleStone_Pebble_N.uasset"
[2018.11.09-03.41.34:233][  0]LogPackFactory: Copied "../../../Samples/StarterContent/Content/StarterContent/Textures/T_CobbleStone_Rough_D.uasset" to "../../../../../../Users/hanspnd/Desktop/First_repo/Project1/Content/StarterContent/Textures/T_CobbleStone_Rough_D.uasset"
[2018.11.09-03.41.34:509][  0]LogPackFactory: Copied "../../../Samples/StarterContent/Content/StarterContent/Textures/T_CobbleStone_Rough_N.uasset" to "../../../../../../Users/hanspnd/Desktop/First_repo/Project1/Content/StarterContent/Textures/T_CobbleStone_Rough_N.uasset"
[2018.11.09-03.41.34:889][  0]LogPackFactory: Copied "../../../Samples/StarterContent/Content/StarterContent/Textures/T_CobbleStone_Smooth_D.uasset" to "../../../../../../Users/hanspnd/Desktop/First_repo/Project1/Content/StarterContent/Textures/T_CobbleStone_Smooth_D.uasset"
[2018.11.09-03.41.35:056][  0]LogPackFactory: Copied "../../../Samples/StarterContent/Content/StarterContent/Textures/T_CobbleStone_Smooth_M.uasset" to "../../../../../../Users/hanspnd/Desktop/First_repo/Project1/Content/StarterContent/Textures/T_CobbleStone_Smooth_M.uasset"
[2018.11.09-03.41.35:271][  0]LogPackFactory: Copied "../../../Samples/StarterContent/Content/StarterContent/Textures/T_CobbleStone_Smooth_N.uasset" to "../../../../../../Users/hanspnd/Desktop/First_repo/Project1/Content/StarterContent/Textures/T_CobbleStone_Smooth_N.uasset"
[2018.11.09-03.41.35:515][  0]LogPackFactory: Copied "../../../Samples/StarterContent/Content/StarterContent/Textures/T_Concrete_Grime_D.uasset" to "../../../../../../Users/hanspnd/Desktop/First_repo/Project1/Content/StarterContent/Textures/T_Concrete_Grime_D.uasset"
[2018.11.09-03.41.35:812][  0]LogPackFactory: Copied "../../../Samples/StarterContent/Content/StarterContent/Textures/T_Concrete_Panels_D.uasset" to "../../../../../../Users/hanspnd/Desktop/First_repo/Project1/Content/StarterContent/Textures/T_Concrete_Panels_D.uasset"
[2018.11.09-03.41.36:026][  0]LogPackFactory: Copied "../../../Samples/StarterContent/Content/StarterContent/Textures/T_Concrete_Panels_N.uasset" to "../../../../../../Users/hanspnd/Desktop/First_repo/Project1/Content/StarterContent/Textures/T_Concrete_Panels_N.uasset"
[2018.11.09-03.41.36:313][  0]LogPackFactory: Copied "../../../Samples/StarterContent/Content/StarterContent/Textures/T_Concrete_Poured_D.uasset" to "../../../../../../Users/hanspnd/Desktop/First_repo/Project1/Content/StarterContent/Textures/T_Concrete_Poured_D.uasset"
[2018.11.09-03.41.36:563][  0]LogPackFactory: Copied "../../../Samples/StarterContent/Content/StarterContent/Textures/T_Concrete_Poured_N.uasset" to "../../../../../../Users/hanspnd/Desktop/First_repo/Project1/Content/StarterContent/Textures/T_Concrete_Poured_N.uasset"
[2018.11.09-03.41.37:031][  0]LogPackFactory: Copied "../../../Samples/StarterContent/Content/StarterContent/Textures/T_Concrete_Tiles_D.uasset" to "../../../../../../Users/hanspnd/Desktop/First_repo/Project1/Content/StarterContent/Textures/T_Concrete_Tiles_D.uasset"
[2018.11.09-03.41.37:245][  0]LogPackFactory: Copied "../../../Samples/StarterContent/Content/StarterContent/Textures/T_Concrete_Tiles_M.uasset" to "../../../../../../Users/hanspnd/Desktop/First_repo/Project1/Content/StarterContent/Textures/T_Concrete_Tiles_M.uasset"
[2018.11.09-03.41.37:469][  0]LogPackFactory: Copied "../../../Samples/StarterContent/Content/StarterContent/Textures/T_Concrete_Tiles_N.uasset" to "../../../../../../Users/hanspnd/Desktop/First_repo/Project1/Content/StarterContent/Textures/T_Concrete_Tiles_N.uasset"
[2018.11.09-03.41.37:661][  0]LogPackFactory: Copied "../../../Samples/StarterContent/Content/StarterContent/Textures/T_Concrete_Tiles_Variation_M.uasset" to "../../../../../../Users/hanspnd/Desktop/First_repo/Project1/Content/StarterContent/Textures/T_Concrete_Tiles_Variation_M.uasset"
[2018.11.09-03.41.37:954][  0]LogPackFactory: Copied "../../../Samples/StarterContent/Content/StarterContent/Textures/T_Detail_Rocky_N.uasset" to "../../../../../../Users/hanspnd/Desktop/First_repo/Project1/Content/StarterContent/Textures/T_Detail_Rocky_N.uasset"
[2018.11.09-03.41.38:140][  0]LogPackFactory: Copied "../../../Samples/StarterContent/Content/StarterContent/Textures/T_Door_M.uasset" to "../../../../../../Users/hanspnd/Desktop/First_repo/Project1/Content/StarterContent/Textures/T_Door_M.uasset"
[2018.11.09-03.41.38:287][  0]LogPackFactory: Copied "../../../Samples/StarterContent/Content/StarterContent/Textures/T_Door_N.uasset" to "../../../../../../Users/hanspnd/Desktop/First_repo/Project1/Content/StarterContent/Textures/T_Door_N.uasset"
[2018.11.09-03.41.38:408][  0]LogPackFactory: Copied "../../../Samples/StarterContent/Content/StarterContent/Textures/T_Dust_Particle_D.uasset" to "../../../../../../Users/hanspnd/Desktop/First_repo/Project1/Content/StarterContent/Textures/T_Dust_Particle_D.uasset"
[2018.11.09-03.41.38:619][  0]LogPackFactory: Copied "../../../Samples/StarterContent/Content/StarterContent/Textures/T_Explosion_SubUV.uasset" to "../../../../../../Users/hanspnd/Desktop/First_repo/Project1/Content/StarterContent/Textures/T_Explosion_SubUV.uasset"
[2018.11.09-03.41.38:824][  0]LogPackFactory: Copied "../../../Samples/StarterContent/Content/StarterContent/Textures/T_Fire_SubUV.uasset" to "../../../../../../Users/hanspnd/Desktop/First_repo/Project1/Content/StarterContent/Textures/T_Fire_SubUV.uasset"
[2018.11.09-03.41.38:994][  0]LogPackFactory: Copied "../../../Samples/StarterContent/Content/StarterContent/Textures/T_Fire_Tiled_D.uasset" to "../../../../../../Users/hanspnd/Desktop/First_repo/Project1/Content/StarterContent/Textures/T_Fire_Tiled_D.uasset"
[2018.11.09-03.41.39:103][  0]LogPackFactory: Copied "../../../Samples/StarterContent/Content/StarterContent/Textures/T_Frame_M.uasset" to "../../../../../../Users/hanspnd/Desktop/First_repo/Project1/Content/StarterContent/Textures/T_Frame_M.uasset"
[2018.11.09-03.41.39:248][  0]LogPackFactory: Copied "../../../Samples/StarterContent/Content/StarterContent/Textures/T_Frame_N.uasset" to "../../../../../../Users/hanspnd/Desktop/First_repo/Project1/Content/StarterContent/Textures/T_Frame_N.uasset"
[2018.11.09-03.41.39:350][  0]LogPackFactory: Copied "../../../Samples/StarterContent/Content/StarterContent/Textures/T_Gradinet_01.uasset" to "../../../../../../Users/hanspnd/Desktop/First_repo/Project1/Content/StarterContent/Textures/T_Gradinet_01.uasset"
[2018.11.09-03.41.39:661][  0]LogPackFactory: Copied "../../../Samples/StarterContent/Content/StarterContent/Textures/T_Ground_Grass_D.uasset" to "../../../../../../Users/hanspnd/Desktop/First_repo/Project1/Content/StarterContent/Textures/T_Ground_Grass_D.uasset"
[2018.11.09-03.41.39:973][  0]LogPackFactory: Copied "../../../Samples/StarterContent/Content/StarterContent/Textures/T_Ground_Grass_N.uasset" to "../../../../../../Users/hanspnd/Desktop/First_repo/Project1/Content/StarterContent/Textures/T_Ground_Grass_N.uasset"
[2018.11.09-03.41.40:214][  0]LogPackFactory: Copied "../../../Samples/StarterContent/Content/StarterContent/Textures/T_Ground_Gravel_D.uasset" to "../../../../../../Users/hanspnd/Desktop/First_repo/Project1/Content/StarterContent/Textures/T_Ground_Gravel_D.uasset"
[2018.11.09-03.41.40:397][  0]LogPackFactory: Copied "../../../Samples/StarterContent/Content/StarterContent/Textures/T_Ground_Gravel_N.uasset" to "../../../../../../Users/hanspnd/Desktop/First_repo/Project1/Content/StarterContent/Textures/T_Ground_Gravel_N.uasset"
[2018.11.09-03.41.40:707][  0]LogPackFactory: Copied "../../../Samples/StarterContent/Content/StarterContent/Textures/T_ground_Moss_D.uasset" to "../../../../../../Users/hanspnd/Desktop/First_repo/Project1/Content/StarterContent/Textures/T_ground_Moss_D.uasset"
[2018.11.09-03.41.41:082][  0]LogPackFactory: Copied "../../../Samples/StarterContent/Content/StarterContent/Textures/T_Ground_Moss_N.uasset" to "../../../../../../Users/hanspnd/Desktop/First_repo/Project1/Content/StarterContent/Textures/T_Ground_Moss_N.uasset"
[2018.11.09-03.41.41:214][  0]LogPackFactory: Copied "../../../Samples/StarterContent/Content/StarterContent/Textures/T_Lamp_M.uasset" to "../../../../../../Users/hanspnd/Desktop/First_repo/Project1/Content/StarterContent/Textures/T_Lamp_M.uasset"
[2018.11.09-03.41.41:400][  0]LogPackFactory: Copied "../../../Samples/StarterContent/Content/StarterContent/Textures/T_Lamp_N.uasset" to "../../../../../../Users/hanspnd/Desktop/First_repo/Project1/Content/StarterContent/Textures/T_Lamp_N.uasset"
[2018.11.09-03.41.41:638][  0]LogPackFactory: Copied "../../../Samples/StarterContent/Content/StarterContent/Textures/T_MacroVariation.uasset" to "../../../../../../Users/hanspnd/Desktop/First_repo/Project1/Content/StarterContent/Textures/T_MacroVariation.uasset"
[2018.11.09-03.41.41:841][  0]LogPackFactory: Copied "../../../Samples/StarterContent/Content/StarterContent/Textures/T_Metal_Aluminum_D.uasset" to "../../../../../../Users/hanspnd/Desktop/First_repo/Project1/Content/StarterContent/Textures/T_Metal_Aluminum_D.uasset"
[2018.11.09-03.41.42:184][  0]LogPackFactory: Copied "../../../Samples/StarterContent/Content/StarterContent/Textures/T_Metal_Copper_D.uasset" to "../../../../../../Users/hanspnd/Desktop/First_repo/Project1/Content/StarterContent/Textures/T_Metal_Copper_D.uasset"
[2018.11.09-03.41.42:516][  0]LogPackFactory: Copied "../../../Samples/StarterContent/Content/StarterContent/Textures/T_Metal_Gold_D.uasset" to "../../../../../../Users/hanspnd/Desktop/First_repo/Project1/Content/StarterContent/Textures/T_Metal_Gold_D.uasset"
[2018.11.09-03.41.42:741][  0]LogPackFactory: Copied "../../../Samples/StarterContent/Content/StarterContent/Textures/T_Metal_Gold_N.uasset" to "../../../../../../Users/hanspnd/Desktop/First_repo/Project1/Content/StarterContent/Textures/T_Metal_Gold_N.uasset"
[2018.11.09-03.41.42:985][  0]LogPackFactory: Copied "../../../Samples/StarterContent/Content/StarterContent/Textures/T_Metal_Rust_D.uasset" to "../../../../../../Users/hanspnd/Desktop/First_repo/Project1/Content/StarterContent/Textures/T_Metal_Rust_D.uasset"
[2018.11.09-03.41.43:239][  0]LogPackFactory: Copied "../../../Samples/StarterContent/Content/StarterContent/Textures/T_Metal_Rust_N.uasset" to "../../../../../../Users/hanspnd/Desktop/First_repo/Project1/Content/StarterContent/Textures/T_Metal_Rust_N.uasset"
[2018.11.09-03.41.43:476][  0]LogPackFactory: Copied "../../../Samples/StarterContent/Content/StarterContent/Textures/T_Metal_Steel_D.uasset" to "../../../../../../Users/hanspnd/Desktop/First_repo/Project1/Content/StarterContent/Textures/T_Metal_Steel_D.uasset"
[2018.11.09-03.41.43:810][  0]LogPackFactory: Copied "../../../Samples/StarterContent/Content/StarterContent/Textures/T_Metal_Steel_N.uasset" to "../../../../../../Users/hanspnd/Desktop/First_repo/Project1/Content/StarterContent/Textures/T_Metal_Steel_N.uasset"
[2018.11.09-03.41.44:099][  0]LogPackFactory: Copied "../../../Samples/StarterContent/Content/StarterContent/Textures/T_Perlin_Noise_M.uasset" to "../../../../../../Users/hanspnd/Desktop/First_repo/Project1/Content/StarterContent/Textures/T_Perlin_Noise_M.uasset"
[2018.11.09-03.41.44:288][  0]LogPackFactory: Copied "../../../Samples/StarterContent/Content/StarterContent/Textures/T_RockMesh_M.uasset" to "../../../../../../Users/hanspnd/Desktop/First_repo/Project1/Content/StarterContent/Textures/T_RockMesh_M.uasset"
[2018.11.09-03.41.44:519][  0]LogPackFactory: Copied "../../../Samples/StarterContent/Content/StarterContent/Textures/T_RockMesh_N.uasset" to "../../../../../../Users/hanspnd/Desktop/First_repo/Project1/Content/StarterContent/Textures/T_RockMesh_N.uasset"
[2018.11.09-03.41.44:826][  0]LogPackFactory: Copied "../../../Samples/StarterContent/Content/StarterContent/Textures/T_Rock_Basalt_D.uasset" to "../../../../../../Users/hanspnd/Desktop/First_repo/Project1/Content/StarterContent/Textures/T_Rock_Basalt_D.uasset"
[2018.11.09-03.41.45:069][  0]LogPackFactory: Copied "../../../Samples/StarterContent/Content/StarterContent/Textures/T_Rock_Basalt_N.uasset" to "../../../../../../Users/hanspnd/Desktop/First_repo/Project1/Content/StarterContent/Textures/T_Rock_Basalt_N.uasset"
[2018.11.09-03.41.45:289][  0]LogPackFactory: Copied "../../../Samples/StarterContent/Content/StarterContent/Textures/T_Rock_Marble_Polished_D.uasset" to "../../../../../../Users/hanspnd/Desktop/First_repo/Project1/Content/StarterContent/Textures/T_Rock_Marble_Polished_D.uasset"
[2018.11.09-03.41.45:556][  0]LogPackFactory: Copied "../../../Samples/StarterContent/Content/StarterContent/Textures/T_Rock_Sandstone_D.uasset" to "../../../../../../Users/hanspnd/Desktop/First_repo/Project1/Content/StarterContent/Textures/T_Rock_Sandstone_D.uasset"
[2018.11.09-03.41.45:934][  0]LogPackFactory: Copied "../../../Samples/StarterContent/Content/StarterContent/Textures/T_Rock_Sandstone_N.uasset" to "../../../../../../Users/hanspnd/Desktop/First_repo/Project1/Content/StarterContent/Textures/T_Rock_Sandstone_N.uasset"
[2018.11.09-03.41.46:348][  0]LogPackFactory: Copied "../../../Samples/StarterContent/Content/StarterContent/Textures/T_Rock_Slate_D.uasset" to "../../../../../../Users/hanspnd/Desktop/First_repo/Project1/Content/StarterContent/Textures/T_Rock_Slate_D.uasset"
[2018.11.09-03.41.46:612][  0]LogPackFactory: Copied "../../../Samples/StarterContent/Content/StarterContent/Textures/T_Rock_Slate_N.uasset" to "../../../../../../Users/hanspnd/Desktop/First_repo/Project1/Content/StarterContent/Textures/T_Rock_Slate_N.uasset"
[2018.11.09-03.41.46:992][  0]LogPackFactory: Copied "../../../Samples/StarterContent/Content/StarterContent/Textures/T_Rock_Smooth_Granite_D.uasset" to "../../../../../../Users/hanspnd/Desktop/First_repo/Project1/Content/StarterContent/Textures/T_Rock_Smooth_Granite_D.uasset"
[2018.11.09-03.41.47:083][  0]LogPackFactory: Copied "../../../Samples/StarterContent/Content/StarterContent/Textures/T_Shelf_M.uasset" to "../../../../../../Users/hanspnd/Desktop/First_repo/Project1/Content/StarterContent/Textures/T_Shelf_M.uasset"
[2018.11.09-03.41.47:328][  0]LogPackFactory: Copied "../../../Samples/StarterContent/Content/StarterContent/Textures/T_Shelf_N.uasset" to "../../../../../../Users/hanspnd/Desktop/First_repo/Project1/Content/StarterContent/Textures/T_Shelf_N.uasset"
[2018.11.09-03.41.47:456][  0]LogPackFactory: Copied "../../../Samples/StarterContent/Content/StarterContent/Textures/T_Single_Tile_N.uasset" to "../../../../../../Users/hanspnd/Desktop/First_repo/Project1/Content/StarterContent/Textures/T_Single_Tile_N.uasset"
[2018.11.09-03.41.47:701][  0]LogPackFactory: Copied "../../../Samples/StarterContent/Content/StarterContent/Textures/T_Smoke_SubUV.uasset" to "../../../../../../Users/hanspnd/Desktop/First_repo/Project1/Content/StarterContent/Textures/T_Smoke_SubUV.uasset"
[2018.11.09-03.41.47:905][  0]LogPackFactory: Copied "../../../Samples/StarterContent/Content/StarterContent/Textures/T_Smoke_Tiled_D.uasset" to "../../../../../../Users/hanspnd/Desktop/First_repo/Project1/Content/StarterContent/Textures/T_Smoke_Tiled_D.uasset"
[2018.11.09-03.41.48:094][  0]LogPackFactory: Copied "../../../Samples/StarterContent/Content/StarterContent/Textures/T_Spark_Core.uasset" to "../../../../../../Users/hanspnd/Desktop/First_repo/Project1/Content/StarterContent/Textures/T_Spark_Core.uasset"
[2018.11.09-03.41.48:246][  0]LogPackFactory: Copied "../../../Samples/StarterContent/Content/StarterContent/Textures/T_Statue_M.uasset" to "../../../../../../Users/hanspnd/Desktop/First_repo/Project1/Content/StarterContent/Textures/T_Statue_M.uasset"
[2018.11.09-03.41.48:397][  0]LogPackFactory: Copied "../../../Samples/StarterContent/Content/StarterContent/Textures/T_Statue_N.uasset" to "../../../../../../Users/hanspnd/Desktop/First_repo/Project1/Content/StarterContent/Textures/T_Statue_N.uasset"
[2018.11.09-03.41.48:663][  0]LogPackFactory: Copied "../../../Samples/StarterContent/Content/StarterContent/Textures/T_TableRound_M.uasset" to "../../../../../../Users/hanspnd/Desktop/First_repo/Project1/Content/StarterContent/Textures/T_TableRound_M.uasset"
[2018.11.09-03.41.48:896][  0]LogPackFactory: Copied "../../../Samples/StarterContent/Content/StarterContent/Textures/T_TableRound_N.uasset" to "../../../../../../Users/hanspnd/Desktop/First_repo/Project1/Content/StarterContent/Textures/T_TableRound_N.uasset"
[2018.11.09-03.41.49:074][  0]LogPackFactory: Copied "../../../Samples/StarterContent/Content/StarterContent/Textures/T_Tech_Dot_M.uasset" to "../../../../../../Users/hanspnd/Desktop/First_repo/Project1/Content/StarterContent/Textures/T_Tech_Dot_M.uasset"
[2018.11.09-03.41.49:200][  0]LogPackFactory: Copied "../../../Samples/StarterContent/Content/StarterContent/Textures/T_Tech_Dot_N.uasset" to "../../../../../../Users/hanspnd/Desktop/First_repo/Project1/Content/StarterContent/Textures/T_Tech_Dot_N.uasset"
[2018.11.09-03.41.49:405][  0]LogPackFactory: Copied "../../../Samples/StarterContent/Content/StarterContent/Textures/T_Tech_Hex_Tile_M.uasset" to "../../../../../../Users/hanspnd/Desktop/First_repo/Project1/Content/StarterContent/Textures/T_Tech_Hex_Tile_M.uasset"
[2018.11.09-03.41.49:576][  0]LogPackFactory: Copied "../../../Samples/StarterContent/Content/StarterContent/Textures/T_Tech_Hex_Tile_N.uasset" to "../../../../../../Users/hanspnd/Desktop/First_repo/Project1/Content/StarterContent/Textures/T_Tech_Hex_Tile_N.uasset"
[2018.11.09-03.41.49:754][  0]LogPackFactory: Copied "../../../Samples/StarterContent/Content/StarterContent/Textures/T_Tech_Panel_M.uasset" to "../../../../../../Users/hanspnd/Desktop/First_repo/Project1/Content/StarterContent/Textures/T_Tech_Panel_M.uasset"
[2018.11.09-03.41.49:932][  0]LogPackFactory: Copied "../../../Samples/StarterContent/Content/StarterContent/Textures/T_Tech_Panel_N.uasset" to "../../../../../../Users/hanspnd/Desktop/First_repo/Project1/Content/StarterContent/Textures/T_Tech_Panel_N.uasset"
[2018.11.09-03.41.50:102][  0]LogPackFactory: Copied "../../../Samples/StarterContent/Content/StarterContent/Textures/T_Water_M.uasset" to "../../../../../../Users/hanspnd/Desktop/First_repo/Project1/Content/StarterContent/Textures/T_Water_M.uasset"
[2018.11.09-03.41.50:453][  0]LogPackFactory: Copied "../../../Samples/StarterContent/Content/StarterContent/Textures/T_Water_N.uasset" to "../../../../../../Users/hanspnd/Desktop/First_repo/Project1/Content/StarterContent/Textures/T_Water_N.uasset"
[2018.11.09-03.41.50:699][  0]LogPackFactory: Copied "../../../Samples/StarterContent/Content/StarterContent/Textures/T_Wood_Floor_Walnut_D.uasset" to "../../../../../../Users/hanspnd/Desktop/First_repo/Project1/Content/StarterContent/Textures/T_Wood_Floor_Walnut_D.uasset"
[2018.11.09-03.41.50:958][  0]LogPackFactory: Copied "../../../Samples/StarterContent/Content/StarterContent/Textures/T_Wood_Floor_Walnut_M.uasset" to "../../../../../../Users/hanspnd/Desktop/First_repo/Project1/Content/StarterContent/Textures/T_Wood_Floor_Walnut_M.uasset"
[2018.11.09-03.41.51:205][  0]LogPackFactory: Copied "../../../Samples/StarterContent/Content/StarterContent/Textures/T_Wood_Floor_Walnut_N.uasset" to "../../../../../../Users/hanspnd/Desktop/First_repo/Project1/Content/StarterContent/Textures/T_Wood_Floor_Walnut_N.uasset"
[2018.11.09-03.41.51:451][  0]LogPackFactory: Copied "../../../Samples/StarterContent/Content/StarterContent/Textures/T_Wood_Oak_D.uasset" to "../../../../../../Users/hanspnd/Desktop/First_repo/Project1/Content/StarterContent/Textures/T_Wood_Oak_D.uasset"
[2018.11.09-03.41.51:713][  0]LogPackFactory: Copied "../../../Samples/StarterContent/Content/StarterContent/Textures/T_Wood_Oak_N.uasset" to "../../../../../../Users/hanspnd/Desktop/First_repo/Project1/Content/StarterContent/Textures/T_Wood_Oak_N.uasset"
[2018.11.09-03.41.52:012][  0]LogPackFactory: Copied "../../../Samples/StarterContent/Content/StarterContent/Textures/T_Wood_Pine_D.uasset" to "../../../../../../Users/hanspnd/Desktop/First_repo/Project1/Content/StarterContent/Textures/T_Wood_Pine_D.uasset"
[2018.11.09-03.41.52:231][  0]LogPackFactory: Copied "../../../Samples/StarterContent/Content/StarterContent/Textures/T_Wood_Pine_N.uasset" to "../../../../../../Users/hanspnd/Desktop/First_repo/Project1/Content/StarterContent/Textures/T_Wood_Pine_N.uasset"
[2018.11.09-03.41.52:507][  0]LogPackFactory: Copied "../../../Samples/StarterContent/Content/StarterContent/Textures/T_Wood_Walnut_D.uasset" to "../../../../../../Users/hanspnd/Desktop/First_repo/Project1/Content/StarterContent/Textures/T_Wood_Walnut_D.uasset"
[2018.11.09-03.41.52:750][  0]LogPackFactory: Copied "../../../Samples/StarterContent/Content/StarterContent/Textures/T_Wood_Walnut_N.uasset" to "../../../../../../Users/hanspnd/Desktop/First_repo/Project1/Content/StarterContent/Textures/T_Wood_Walnut_N.uasset"
[2018.11.09-03.41.53:183][  0]LogRenderer: Reallocating scene render targets to support 256x256 Format 10 NumSamples 1 (Frame:1).
[2018.11.09-03.41.53:563][  0]LogSavePackage: Moving '../../../../../../Users/hanspnd/Desktop/First_repo/Project1/Saved/Floor_400x400E1F746294C9667CC0BB6CE8F99AD6D32.tmp' to '../../../../../../Users/hanspnd/Desktop/First_repo/Project1/Content/StarterContent/Architecture/Floor_400x400.uasset'
[2018.11.09-03.41.53:573][  0]LogFeaturePack: Warning: Inserted 1 feature packs
[2018.11.09-03.41.53:580][  0]Cmd: MAP LOAD FILE="../../../../../../Users/hanspnd/Desktop/First_repo/Project1/Content/StarterContent/Maps/Minimal_Default.umap" TEMPLATE=0 SHOWPROGRESS=1 FEATURELEVEL=3
[2018.11.09-03.41.53:581][  0]LightingResults: New page: Lighting Build
[2018.11.09-03.41.53:584][  0]MapCheck: New page: Map Check
[2018.11.09-03.41.53:584][  0]LightingResults: New page: Lighting Build
[2018.11.09-03.41.54:720][  0]LogAIModule: Creating AISystem for world Minimal_Default
[2018.11.09-03.41.54:732][  0]LogEditorServer: Finished looking for orphan Actors (0.000 secs)
[2018.11.09-03.41.54:779][  0]Cmd: MAP CHECKDEP NOCLEARLOG
[2018.11.09-03.41.54:909][  0]MapCheck: Map check complete: 0 Error(s), 0 Warning(s), took 129.315ms to complete.
[2018.11.09-03.41.54:909][  0]LogFileHelpers: Loading map 'Minimal_Default' took 1.328
[2018.11.09-03.41.55:090][  0]LogSlate: Updating window title bar state: overlay mode, drag disabled, window buttons hidden, title bar hidden
[2018.11.09-03.41.55:118][  0]LogSlate: Updating window title bar state: overlay mode, drag disabled, window buttons hidden, title bar hidden
[2018.11.09-03.41.55:143][  0]LogSlate: Updating window title bar state: overlay mode, drag disabled, window buttons hidden, title bar hidden
[2018.11.09-03.41.55:167][  0]LogSlate: Updating window title bar state: overlay mode, drag disabled, window buttons hidden, title bar hidden
[2018.11.09-03.41.55:202][  0]LogCollectionManager: Loaded 0 collections in 0.005540 seconds
[2018.11.09-03.41.55:336][  0]LogFileCache: Scanning file cache for directory 'C:/Users/hanspnd/Desktop/First_repo/Project1/Saved/Collections/' took 0.01s
[2018.11.09-03.41.55:336][  0]LogFileCache: Scanning file cache for directory 'C:/Users/hanspnd/Desktop/First_repo/Project1/Content/Developers/hanspnd/Collections/' took 0.01s
[2018.11.09-03.41.55:336][  0]LogFileCache: Scanning file cache for directory 'C:/Users/hanspnd/Desktop/First_repo/Project1/Content/Collections/' took 0.01s
[2018.11.09-03.41.55:336][  0]LogCollectionManager: Rebuilt the GUID cache for 0 collections in 0.000000 seconds
[2018.11.09-03.41.55:375][  0]LogContentBrowser: Native class hierarchy populated in 0.0381 seconds. Added 2572 classes and 603 folders.
[2018.11.09-03.41.55:397][  0]LogContentBrowser: Native class hierarchy updated for 'WidgetCarousel' in 0.0008 seconds. Added 0 classes and 0 folders.
[2018.11.09-03.41.56:956][  0]LogContentBrowser: Native class hierarchy updated for 'AddContentDialog' in 0.0007 seconds. Added 0 classes and 0 folders.
[2018.11.09-03.41.56:971][  0]LogContentBrowser: Native class hierarchy updated for 'SceneOutliner' in 0.0008 seconds. Added 1 classes and 2 folders.
[2018.11.09-03.41.56:999][  0]LogSlate: Took 0.000453 seconds to synchronously load lazily loaded font '../../../Engine/Content/Slate/Fonts/Roboto-Regular.ttf' (155K)
[2018.11.09-03.41.57:003][  0]LogSlate: Took 0.001098 seconds to synchronously load lazily loaded font '../../../Engine/Content/Slate/Fonts/Roboto-Bold.ttf' (160K)
[2018.11.09-03.41.57:053][  0]LogSlate: Took 0.040657 seconds to synchronously load lazily loaded font '../../../Engine/Content/Editor/Slate/Fonts/FontAwesome.ttf' (139K)
[2018.11.09-03.41.57:158][  0]LogRenderer: Reallocating scene render targets to support 792x372 Format 10 NumSamples 1 (Frame:1).
[2018.11.09-03.41.57:595][  0]LogSlate: Took 0.040256 seconds to synchronously load lazily loaded font '../../../Engine/Content/Slate/Fonts/Roboto-Light.ttf' (167K)
[2018.11.09-03.41.57:698][  0]LogContentBrowser: Native class hierarchy updated for 'HierarchicalLODOutliner' in 0.0005 seconds. Added 0 classes and 0 folders.
[2018.11.09-03.41.57:698][  0]LogLoad: (Engine Initialization) Total time: 53.04 seconds
[2018.11.09-03.41.57:699][  0]LogLoad: (Engine Initialization) Total Blueprint compile time: 0.00 seconds
[2018.11.09-03.41.57:718][  0]LogWindowsTextInputMethodSystem: Display: IME system now deactivated.
[2018.11.09-03.41.58:214][  0]LogContentStreaming: Texture pool size now 1000 MB
[2018.11.09-03.41.58:745][  2]LogAssetRegistry: Asset discovery search completed in 47.7521 seconds
[2018.11.09-03.41.58:747][  2]LogCollectionManager: Rebuilt the object cache for 0 collections in 0.000000 seconds (found 0 objects)
[2018.11.09-03.41.58:747][  2]LogCollectionManager: Fixed up redirectors for 0 collections in 0.000065 seconds (updated 0 objects)
[2018.11.09-03.42.08:340][288]LogSlate: FSceneViewport::OnFocusLost() reason 0
[2018.11.09-03.42.08:443][292]LogSlate: Took 0.000377 seconds to synchronously load lazily loaded font '../../../Engine/Content/Slate/Fonts/Roboto-Light.ttf' (167K)
[2018.11.09-03.42.08:697][292]LogSavePackage: Moving '../../../../../../Users/hanspnd/Desktop/First_repo/Project1/Saved/Minimal_DefaultC45E74D04A715158222FDDA64CDD1924.tmp' to '../../../../../../Users/hanspnd/Desktop/First_repo/Project1/Content/StarterContent/Maps/Minimal_Default.umap'
[2018.11.09-03.42.09:055][292]LogSavePackage: Moving '../../../../../../Users/hanspnd/Desktop/First_repo/Project1/Saved/Minimal_Default_BuiltDataCDC7337142D18E0EC91FDFB6B4B8E120.tmp' to '../../../../../../Users/hanspnd/Desktop/First_repo/Project1/Content/StarterContent/Maps/Minimal_Default_BuiltData.uasset'
